{"/home/zain-ansari/Documents/FYP/frontend/src/components/auth/ProtectedRoute.tsx": {"path":"/home/zain-ansari/Documents/FYP/frontend/src/components/auth/ProtectedRoute.tsx","statementMap":{"0":{"start":{"line":7,"column":38},"end":{"line":7,"column":null}},"1":{"start":{"line":9,"column":2},"end":{"line":36,"column":null}},"2":{"start":{"line":10,"column":4},"end":{"line":34,"column":null}},"3":{"start":{"line":38,"column":2},"end":{"line":40,"column":null}},"4":{"start":{"line":39,"column":4},"end":{"line":39,"column":null}},"5":{"start":{"line":42,"column":2},"end":{"line":46,"column":null}},"6":{"start":{"line":43,"column":4},"end":{"line":45,"column":null}},"7":{"start":{"line":44,"column":6},"end":{"line":44,"column":null}},"8":{"start":{"line":48,"column":2},"end":{"line":48,"column":null}}},"fnMap":{"0":{"name":"ProtectedRoute","decl":{"start":{"line":6,"column":16},"end":{"line":6,"column":31}},"loc":{"start":{"line":6,"column":80},"end":{"line":49,"column":null}},"line":6}},"branchMap":{"0":{"loc":{"start":{"line":9,"column":2},"end":{"line":36,"column":null}},"type":"if","locations":[{"start":{"line":9,"column":2},"end":{"line":36,"column":null}},{"start":{},"end":{}}],"line":9},"1":{"loc":{"start":{"line":38,"column":2},"end":{"line":40,"column":null}},"type":"if","locations":[{"start":{"line":38,"column":2},"end":{"line":40,"column":null}},{"start":{},"end":{}}],"line":38},"2":{"loc":{"start":{"line":42,"column":2},"end":{"line":46,"column":null}},"type":"if","locations":[{"start":{"line":42,"column":2},"end":{"line":46,"column":null}},{"start":{},"end":{}}],"line":42},"3":{"loc":{"start":{"line":42,"column":6},"end":{"line":42,"column":47}},"type":"binary-expr","locations":[{"start":{"line":42,"column":6},"end":{"line":42,"column":22}},{"start":{"line":42,"column":22},"end":{"line":42,"column":47}}],"line":42},"4":{"loc":{"start":{"line":43,"column":4},"end":{"line":45,"column":null}},"type":"if","locations":[{"start":{"line":43,"column":4},"end":{"line":45,"column":null}},{"start":{},"end":{}}],"line":43}},"s":{"0":5,"1":5,"2":1,"3":4,"4":1,"5":3,"6":2,"7":1,"8":2},"f":{"0":5},"b":{"0":[1,4],"1":[1,3],"2":[2,1],"3":[3,2],"4":[1,1]},"meta":{"lastBranch":5,"lastFunction":1,"lastStatement":9,"seen":{"f:6:16:6:31":0,"s:7:38:7:Infinity":0,"b:9:2:36:Infinity:undefined:undefined:undefined:undefined":0,"s:9:2:36:Infinity":1,"s:10:4:34:Infinity":2,"b:38:2:40:Infinity:undefined:undefined:undefined:undefined":1,"s:38:2:40:Infinity":3,"s:39:4:39:Infinity":4,"b:42:2:46:Infinity:undefined:undefined:undefined:undefined":2,"s:42:2:46:Infinity":5,"b:42:6:42:22:42:22:42:47":3,"b:43:4:45:Infinity:undefined:undefined:undefined:undefined":4,"s:43:4:45:Infinity":6,"s:44:6:44:Infinity":7,"s:48:2:48:Infinity":8}}}
,"/home/zain-ansari/Documents/FYP/frontend/src/components/layout/Footer.tsx": {"path":"/home/zain-ansari/Documents/FYP/frontend/src/components/layout/Footer.tsx","statementMap":{"0":{"start":{"line":4,"column":2},"end":{"line":13,"column":null}}},"fnMap":{"0":{"name":"Footer","decl":{"start":{"line":3,"column":16},"end":{"line":3,"column":25}},"loc":{"start":{"line":3,"column":25},"end":{"line":15,"column":null}},"line":3}},"branchMap":{},"s":{"0":0},"f":{"0":0},"b":{},"meta":{"lastBranch":0,"lastFunction":1,"lastStatement":1,"seen":{"f:3:16:3:25":0,"s:4:2:13:Infinity":0}}}
,"/home/zain-ansari/Documents/FYP/frontend/src/components/layout/Header.tsx": {"path":"/home/zain-ansari/Documents/FYP/frontend/src/components/layout/Header.tsx","statementMap":{"0":{"start":{"line":12,"column":8},"end":{"line":12,"column":null}},"1":{"start":{"line":13,"column":8},"end":{"line":13,"column":null}},"2":{"start":{"line":14,"column":16},"end":{"line":14,"column":null}},"3":{"start":{"line":15,"column":25},"end":{"line":15,"column":null}},"4":{"start":{"line":16,"column":8},"end":{"line":16,"column":null}},"5":{"start":{"line":18,"column":2},"end":{"line":26,"column":null}},"6":{"start":{"line":20,"column":6},"end":{"line":22,"column":null}},"7":{"start":{"line":21,"column":8},"end":{"line":21,"column":null}},"8":{"start":{"line":24,"column":4},"end":{"line":24,"column":null}},"9":{"start":{"line":25,"column":4},"end":{"line":25,"column":null}},"10":{"start":{"line":25,"column":17},"end":{"line":25,"column":null}},"11":{"start":{"line":28,"column":8},"end":{"line":31,"column":null}},"12":{"start":{"line":29,"column":4},"end":{"line":29,"column":null}},"13":{"start":{"line":30,"column":4},"end":{"line":30,"column":null}},"14":{"start":{"line":33,"column":8},"end":{"line":48,"column":null}},"15":{"start":{"line":34,"column":44},"end":{"line":41,"column":null}},"16":{"start":{"line":42,"column":19},"end":{"line":42,"column":null}},"17":{"start":{"line":43,"column":20},"end":{"line":43,"column":null}},"18":{"start":{"line":44,"column":4},"end":{"line":46,"column":null}},"19":{"start":{"line":45,"column":6},"end":{"line":45,"column":null}},"20":{"start":{"line":47,"column":4},"end":{"line":47,"column":null}},"21":{"start":{"line":50,"column":22},"end":{"line":50,"column":null}},"22":{"start":{"line":52,"column":8},"end":{"line":55,"column":null}},"23":{"start":{"line":53,"column":4},"end":{"line":53,"column":null}},"24":{"start":{"line":53,"column":15},"end":{"line":53,"column":null}},"25":{"start":{"line":54,"column":4},"end":{"line":54,"column":null}},"26":{"start":{"line":54,"column":36},"end":{"line":54,"column":40}},"27":{"start":{"line":57,"column":2},"end":{"line":157,"column":null}},"28":{"start":{"line":72,"column":14},"end":{"line":84,"column":null}},"29":{"start":{"line":75,"column":33},"end":{"line":75,"column":null}},"30":{"start":{"line":92,"column":27},"end":{"line":92,"column":null}},"31":{"start":{"line":115,"column":29},"end":{"line":115,"column":null}},"32":{"start":{"line":136,"column":35},"end":{"line":136,"column":58}},"33":{"start":{"line":136,"column":58},"end":{"line":136,"column":83}}},"fnMap":{"0":{"name":"Header","decl":{"start":{"line":11,"column":16},"end":{"line":11,"column":23}},"loc":{"start":{"line":11,"column":55},"end":{"line":159,"column":null}},"line":11},"1":{"name":"(anonymous_1)","decl":{"start":{"line":18,"column":2},"end":{"line":18,"column":18}},"loc":{"start":{"line":18,"column":18},"end":{"line":26,"column":5}},"line":18},"2":{"name":"handleClickOutside","decl":{"start":{"line":19,"column":13},"end":{"line":19,"column":32}},"loc":{"start":{"line":19,"column":51},"end":{"line":23,"column":null}},"line":19},"3":{"name":"(anonymous_3)","decl":{"start":{"line":25,"column":4},"end":{"line":25,"column":17}},"loc":{"start":{"line":25,"column":17},"end":{"line":25,"column":null}},"line":25},"4":{"name":"(anonymous_4)","decl":{"start":{"line":28,"column":8},"end":{"line":28,"column":29}},"loc":{"start":{"line":28,"column":29},"end":{"line":31,"column":null}},"line":28},"5":{"name":"(anonymous_5)","decl":{"start":{"line":33,"column":8},"end":{"line":33,"column":31}},"loc":{"start":{"line":33,"column":31},"end":{"line":48,"column":null}},"line":33},"6":{"name":"(anonymous_6)","decl":{"start":{"line":52,"column":8},"end":{"line":52,"column":23}},"loc":{"start":{"line":52,"column":67},"end":{"line":55,"column":null}},"line":52},"7":{"name":"(anonymous_7)","decl":{"start":{"line":54,"column":27},"end":{"line":54,"column":31}},"loc":{"start":{"line":54,"column":36},"end":{"line":54,"column":40}},"line":54},"8":{"name":"(anonymous_8)","decl":{"start":{"line":71,"column":25},"end":{"line":71,"column":30}},"loc":{"start":{"line":72,"column":14},"end":{"line":84,"column":null}},"line":72},"9":{"name":"(anonymous_9)","decl":{"start":{"line":75,"column":18},"end":{"line":75,"column":33}},"loc":{"start":{"line":75,"column":33},"end":{"line":75,"column":null}},"line":75},"10":{"name":"(anonymous_10)","decl":{"start":{"line":92,"column":12},"end":{"line":92,"column":27}},"loc":{"start":{"line":92,"column":27},"end":{"line":92,"column":null}},"line":92},"11":{"name":"(anonymous_11)","decl":{"start":{"line":115,"column":14},"end":{"line":115,"column":29}},"loc":{"start":{"line":115,"column":29},"end":{"line":115,"column":null}},"line":115},"12":{"name":"(anonymous_12)","decl":{"start":{"line":136,"column":18},"end":{"line":136,"column":33}},"loc":{"start":{"line":136,"column":33},"end":{"line":136,"column":null}},"line":136}},"branchMap":{"0":{"loc":{"start":{"line":20,"column":6},"end":{"line":22,"column":null}},"type":"if","locations":[{"start":{"line":20,"column":6},"end":{"line":22,"column":null}},{"start":{},"end":{}}],"line":20},"1":{"loc":{"start":{"line":20,"column":10},"end":{"line":20,"column":86}},"type":"binary-expr","locations":[{"start":{"line":20,"column":10},"end":{"line":20,"column":33}},{"start":{"line":20,"column":33},"end":{"line":20,"column":86}}],"line":20},"2":{"loc":{"start":{"line":44,"column":4},"end":{"line":46,"column":null}},"type":"if","locations":[{"start":{"line":44,"column":4},"end":{"line":46,"column":null}},{"start":{},"end":{}}],"line":44},"3":{"loc":{"start":{"line":44,"column":8},"end":{"line":44,"column":44}},"type":"binary-expr","locations":[{"start":{"line":44,"column":8},"end":{"line":44,"column":19}},{"start":{"line":44,"column":19},"end":{"line":44,"column":44}}],"line":44},"4":{"loc":{"start":{"line":53,"column":4},"end":{"line":53,"column":null}},"type":"if","locations":[{"start":{"line":53,"column":4},"end":{"line":53,"column":null}},{"start":{},"end":{}}],"line":53},"5":{"loc":{"start":{"line":73,"column":17},"end":{"line":74,"column":17}},"type":"binary-expr","locations":[{"start":{"line":73,"column":17},"end":{"line":73,"column":30}},{"start":{"line":73,"column":30},"end":{"line":74,"column":17}}],"line":73},"6":{"loc":{"start":{"line":77,"column":20},"end":{"line":79,"column":null}},"type":"cond-expr","locations":[{"start":{"line":78,"column":24},"end":{"line":78,"column":null}},{"start":{"line":79,"column":24},"end":{"line":79,"column":null}}],"line":77},"7":{"loc":{"start":{"line":122,"column":84},"end":{"line":122,"column":108}},"type":"binary-expr","locations":[{"start":{"line":122,"column":84},"end":{"line":122,"column":98}},{"start":{"line":122,"column":98},"end":{"line":122,"column":108}}],"line":122},"8":{"loc":{"start":{"line":123,"column":77},"end":{"line":123,"column":98}},"type":"binary-expr","locations":[{"start":{"line":123,"column":77},"end":{"line":123,"column":92}},{"start":{"line":123,"column":92},"end":{"line":123,"column":98}}],"line":123},"9":{"loc":{"start":{"line":125,"column":99},"end":{"line":125,"column":138}},"type":"cond-expr","locations":[{"start":{"line":125,"column":116},"end":{"line":125,"column":131}},{"start":{"line":125,"column":131},"end":{"line":125,"column":138}}],"line":125},"10":{"loc":{"start":{"line":128,"column":13},"end":{"line":154,"column":null}},"type":"binary-expr","locations":[{"start":{"line":128,"column":13},"end":{"line":128,"column":null}},{"start":{"line":129,"column":14},"end":{"line":154,"column":null}}],"line":128},"11":{"loc":{"start":{"line":131,"column":72},"end":{"line":131,"column":96}},"type":"binary-expr","locations":[{"start":{"line":131,"column":72},"end":{"line":131,"column":86}},{"start":{"line":131,"column":86},"end":{"line":131,"column":96}}],"line":131},"12":{"loc":{"start":{"line":132,"column":61},"end":{"line":132,"column":82}},"type":"binary-expr","locations":[{"start":{"line":132,"column":61},"end":{"line":132,"column":76}},{"start":{"line":132,"column":76},"end":{"line":132,"column":82}}],"line":132}},"s":{"0":0,"1":0,"2":0,"3":0,"4":0,"5":0,"6":0,"7":0,"8":0,"9":0,"10":0,"11":0,"12":0,"13":0,"14":0,"15":0,"16":0,"17":0,"18":0,"19":0,"20":0,"21":0,"22":0,"23":0,"24":0,"25":0,"26":0,"27":0,"28":0,"29":0,"30":0,"31":0,"32":0,"33":0},"f":{"0":0,"1":0,"2":0,"3":0,"4":0,"5":0,"6":0,"7":0,"8":0,"9":0,"10":0,"11":0,"12":0},"b":{"0":[0,0],"1":[0,0],"2":[0,0],"3":[0,0],"4":[0,0],"5":[0,0],"6":[0,0],"7":[0,0],"8":[0,0],"9":[0,0],"10":[0,0],"11":[0,0],"12":[0,0]},"meta":{"lastBranch":13,"lastFunction":13,"lastStatement":34,"seen":{"f:11:16:11:23":0,"s:12:8:12:Infinity":0,"s:13:8:13:Infinity":1,"s:14:16:14:Infinity":2,"s:15:25:15:Infinity":3,"s:16:8:16:Infinity":4,"s:18:2:26:Infinity":5,"f:18:2:18:18":1,"f:19:13:19:32":2,"b:20:6:22:Infinity:undefined:undefined:undefined:undefined":0,"s:20:6:22:Infinity":6,"b:20:10:20:33:20:33:20:86":1,"s:21:8:21:Infinity":7,"s:24:4:24:Infinity":8,"s:25:4:25:Infinity":9,"f:25:4:25:17":3,"s:25:17:25:Infinity":10,"s:28:8:31:Infinity":11,"f:28:8:28:29":4,"s:29:4:29:Infinity":12,"s:30:4:30:Infinity":13,"s:33:8:48:Infinity":14,"f:33:8:33:31":5,"s:34:44:41:Infinity":15,"s:42:19:42:Infinity":16,"s:43:20:43:Infinity":17,"b:44:4:46:Infinity:undefined:undefined:undefined:undefined":2,"s:44:4:46:Infinity":18,"b:44:8:44:19:44:19:44:44":3,"s:45:6:45:Infinity":19,"s:47:4:47:Infinity":20,"s:50:22:50:Infinity":21,"s:52:8:55:Infinity":22,"f:52:8:52:23":6,"b:53:4:53:Infinity:undefined:undefined:undefined:undefined":4,"s:53:4:53:Infinity":23,"s:53:15:53:Infinity":24,"s:54:4:54:Infinity":25,"f:54:27:54:31":7,"s:54:36:54:40":26,"s:57:2:157:Infinity":27,"f:71:25:71:30":8,"s:72:14:84:Infinity":28,"b:73:17:73:30:73:30:74:17":5,"f:75:18:75:33":9,"s:75:33:75:Infinity":29,"b:78:24:78:Infinity:79:24:79:Infinity":6,"f:92:12:92:27":10,"s:92:27:92:Infinity":30,"f:115:14:115:29":11,"s:115:29:115:Infinity":31,"b:122:84:122:98:122:98:122:108":7,"b:123:77:123:92:123:92:123:98":8,"b:125:116:125:131:125:131:125:138":9,"b:128:13:128:Infinity:129:14:154:Infinity":10,"b:131:72:131:86:131:86:131:96":11,"b:132:61:132:76:132:76:132:82":12,"f:136:18:136:33":12,"s:136:35:136:58":32,"s:136:58:136:83":33}}}
,"/home/zain-ansari/Documents/FYP/frontend/src/components/layout/Sidebar.tsx": {"path":"/home/zain-ansari/Documents/FYP/frontend/src/components/layout/Sidebar.tsx","statementMap":{"0":{"start":{"line":17,"column":56},"end":{"line":39,"column":null}},"1":{"start":{"line":41,"column":45},"end":{"line":45,"column":null}},"2":{"start":{"line":48,"column":8},"end":{"line":48,"column":null}},"3":{"start":{"line":49,"column":8},"end":{"line":49,"column":null}},"4":{"start":{"line":50,"column":16},"end":{"line":50,"column":null}},"5":{"start":{"line":51,"column":22},"end":{"line":51,"column":null}},"6":{"start":{"line":53,"column":21},"end":{"line":53,"column":null}},"7":{"start":{"line":54,"column":20},"end":{"line":54,"column":null}},"8":{"start":{"line":56,"column":8},"end":{"line":59,"column":null}},"9":{"start":{"line":57,"column":4},"end":{"line":57,"column":null}},"10":{"start":{"line":58,"column":4},"end":{"line":58,"column":null}},"11":{"start":{"line":61,"column":8},"end":{"line":64,"column":null}},"12":{"start":{"line":62,"column":4},"end":{"line":62,"column":null}},"13":{"start":{"line":62,"column":15},"end":{"line":62,"column":null}},"14":{"start":{"line":63,"column":4},"end":{"line":63,"column":null}},"15":{"start":{"line":63,"column":36},"end":{"line":63,"column":40}},"16":{"start":{"line":66,"column":8},"end":{"line":71,"column":null}},"17":{"start":{"line":67,"column":4},"end":{"line":69,"column":null}},"18":{"start":{"line":68,"column":6},"end":{"line":68,"column":null}},"19":{"start":{"line":70,"column":4},"end":{"line":70,"column":null}},"20":{"start":{"line":73,"column":2},"end":{"line":196,"column":null}},"21":{"start":{"line":140,"column":25},"end":{"line":140,"column":null}},"22":{"start":{"line":141,"column":27},"end":{"line":141,"column":null}},"23":{"start":{"line":142,"column":12},"end":{"line":160,"column":null}}},"fnMap":{"0":{"name":"Sidebar","decl":{"start":{"line":47,"column":16},"end":{"line":47,"column":24}},"loc":{"start":{"line":47,"column":65},"end":{"line":198,"column":null}},"line":47},"1":{"name":"(anonymous_1)","decl":{"start":{"line":56,"column":8},"end":{"line":56,"column":29}},"loc":{"start":{"line":56,"column":29},"end":{"line":59,"column":null}},"line":56},"2":{"name":"(anonymous_2)","decl":{"start":{"line":61,"column":8},"end":{"line":61,"column":23}},"loc":{"start":{"line":61,"column":67},"end":{"line":64,"column":null}},"line":61},"3":{"name":"(anonymous_3)","decl":{"start":{"line":63,"column":27},"end":{"line":63,"column":31}},"loc":{"start":{"line":63,"column":36},"end":{"line":63,"column":40}},"line":63},"4":{"name":"(anonymous_4)","decl":{"start":{"line":66,"column":8},"end":{"line":66,"column":20}},"loc":{"start":{"line":66,"column":46},"end":{"line":71,"column":null}},"line":66},"5":{"name":"(anonymous_5)","decl":{"start":{"line":139,"column":22},"end":{"line":139,"column":27}},"loc":{"start":{"line":139,"column":36},"end":{"line":162,"column":11}},"line":139}},"branchMap":{"0":{"loc":{"start":{"line":51,"column":22},"end":{"line":51,"column":null}},"type":"binary-expr","locations":[{"start":{"line":51,"column":22},"end":{"line":51,"column":45}},{"start":{"line":51,"column":45},"end":{"line":51,"column":null}}],"line":51},"1":{"loc":{"start":{"line":53,"column":21},"end":{"line":53,"column":null}},"type":"binary-expr","locations":[{"start":{"line":53,"column":21},"end":{"line":53,"column":46}},{"start":{"line":53,"column":46},"end":{"line":53,"column":null}}],"line":53},"2":{"loc":{"start":{"line":54,"column":20},"end":{"line":54,"column":null}},"type":"binary-expr","locations":[{"start":{"line":54,"column":20},"end":{"line":54,"column":41}},{"start":{"line":54,"column":41},"end":{"line":54,"column":null}}],"line":54},"3":{"loc":{"start":{"line":62,"column":4},"end":{"line":62,"column":null}},"type":"if","locations":[{"start":{"line":62,"column":4},"end":{"line":62,"column":null}},{"start":{},"end":{}}],"line":62},"4":{"loc":{"start":{"line":67,"column":4},"end":{"line":69,"column":null}},"type":"if","locations":[{"start":{"line":67,"column":4},"end":{"line":69,"column":null}},{"start":{},"end":{}}],"line":67},"5":{"loc":{"start":{"line":68,"column":13},"end":{"line":68,"column":null}},"type":"binary-expr","locations":[{"start":{"line":68,"column":13},"end":{"line":68,"column":42}},{"start":{"line":68,"column":42},"end":{"line":68,"column":null}}],"line":68},"6":{"loc":{"start":{"line":76,"column":7},"end":{"line":84,"column":7}},"type":"binary-expr","locations":[{"start":{"line":76,"column":7},"end":{"line":76,"column":null}},{"start":{"line":77,"column":8},"end":{"line":84,"column":7}}],"line":76},"7":{"loc":{"start":{"line":88,"column":12},"end":{"line":88,"column":null}},"type":"cond-expr","locations":[{"start":{"line":88,"column":21},"end":{"line":88,"column":39}},{"start":{"line":88,"column":39},"end":{"line":88,"column":null}}],"line":88},"8":{"loc":{"start":{"line":124,"column":27},"end":{"line":124,"column":56}},"type":"binary-expr","locations":[{"start":{"line":124,"column":27},"end":{"line":124,"column":46}},{"start":{"line":124,"column":46},"end":{"line":124,"column":56}}],"line":124},"9":{"loc":{"start":{"line":127,"column":77},"end":{"line":127,"column":120}},"type":"binary-expr","locations":[{"start":{"line":127,"column":77},"end":{"line":127,"column":96}},{"start":{"line":127,"column":96},"end":{"line":127,"column":110}},{"start":{"line":127,"column":110},"end":{"line":127,"column":120}}],"line":127},"10":{"loc":{"start":{"line":128,"column":66},"end":{"line":128,"column":103}},"type":"binary-expr","locations":[{"start":{"line":128,"column":66},"end":{"line":128,"column":81}},{"start":{"line":128,"column":81},"end":{"line":128,"column":103}}],"line":128},"11":{"loc":{"start":{"line":148,"column":20},"end":{"line":150,"column":null}},"type":"cond-expr","locations":[{"start":{"line":149,"column":22},"end":{"line":149,"column":null}},{"start":{"line":150,"column":22},"end":{"line":150,"column":null}}],"line":148},"12":{"loc":{"start":{"line":154,"column":20},"end":{"line":154,"column":null}},"type":"cond-expr","locations":[{"start":{"line":154,"column":29},"end":{"line":154,"column":48}},{"start":{"line":154,"column":48},"end":{"line":154,"column":null}}],"line":154},"13":{"loc":{"start":{"line":157,"column":17},"end":{"line":158,"column":null}},"type":"binary-expr","locations":[{"start":{"line":157,"column":17},"end":{"line":157,"column":null}},{"start":{"line":158,"column":18},"end":{"line":158,"column":null}}],"line":157},"14":{"loc":{"start":{"line":171,"column":16},"end":{"line":173,"column":null}},"type":"cond-expr","locations":[{"start":{"line":172,"column":18},"end":{"line":172,"column":null}},{"start":{"line":173,"column":18},"end":{"line":173,"column":null}}],"line":171},"15":{"loc":{"start":{"line":177,"column":16},"end":{"line":177,"column":null}},"type":"cond-expr","locations":[{"start":{"line":177,"column":52},"end":{"line":177,"column":71}},{"start":{"line":177,"column":71},"end":{"line":177,"column":null}}],"line":177}},"s":{"0":0,"1":0,"2":0,"3":0,"4":0,"5":0,"6":0,"7":0,"8":0,"9":0,"10":0,"11":0,"12":0,"13":0,"14":0,"15":0,"16":0,"17":0,"18":0,"19":0,"20":0,"21":0,"22":0,"23":0},"f":{"0":0,"1":0,"2":0,"3":0,"4":0,"5":0},"b":{"0":[0,0],"1":[0,0],"2":[0,0],"3":[0,0],"4":[0,0],"5":[0,0],"6":[0,0],"7":[0,0],"8":[0,0],"9":[0,0,0],"10":[0,0],"11":[0,0],"12":[0,0],"13":[0,0],"14":[0,0],"15":[0,0]},"meta":{"lastBranch":16,"lastFunction":6,"lastStatement":24,"seen":{"s:17:56:39:Infinity":0,"s:41:45:45:Infinity":1,"f:47:16:47:24":0,"s:48:8:48:Infinity":2,"s:49:8:49:Infinity":3,"s:50:16:50:Infinity":4,"s:51:22:51:Infinity":5,"b:51:22:51:45:51:45:51:Infinity":0,"s:53:21:53:Infinity":6,"b:53:21:53:46:53:46:53:Infinity":1,"s:54:20:54:Infinity":7,"b:54:20:54:41:54:41:54:Infinity":2,"s:56:8:59:Infinity":8,"f:56:8:56:29":1,"s:57:4:57:Infinity":9,"s:58:4:58:Infinity":10,"s:61:8:64:Infinity":11,"f:61:8:61:23":2,"b:62:4:62:Infinity:undefined:undefined:undefined:undefined":3,"s:62:4:62:Infinity":12,"s:62:15:62:Infinity":13,"s:63:4:63:Infinity":14,"f:63:27:63:31":3,"s:63:36:63:40":15,"s:66:8:71:Infinity":16,"f:66:8:66:20":4,"b:67:4:69:Infinity:undefined:undefined:undefined:undefined":4,"s:67:4:69:Infinity":17,"s:68:6:68:Infinity":18,"b:68:13:68:42:68:42:68:Infinity":5,"s:70:4:70:Infinity":19,"s:73:2:196:Infinity":20,"b:76:7:76:Infinity:77:8:84:7":6,"b:88:21:88:39:88:39:88:Infinity":7,"b:124:27:124:46:124:46:124:56":8,"b:127:77:127:96:127:96:127:110:127:110:127:120":9,"b:128:66:128:81:128:81:128:103":10,"f:139:22:139:27":5,"s:140:25:140:Infinity":21,"s:141:27:141:Infinity":22,"s:142:12:160:Infinity":23,"b:149:22:149:Infinity:150:22:150:Infinity":11,"b:154:29:154:48:154:48:154:Infinity":12,"b:157:17:157:Infinity:158:18:158:Infinity":13,"b:172:18:172:Infinity:173:18:173:Infinity":14,"b:177:52:177:71:177:71:177:Infinity":15}}}
,"/home/zain-ansari/Documents/FYP/frontend/src/components/report/CodeViewer.tsx": {"path":"/home/zain-ansari/Documents/FYP/frontend/src/components/report/CodeViewer.tsx","statementMap":{"0":{"start":{"line":15,"column":69},"end":{"line":21,"column":null}},"1":{"start":{"line":24,"column":8},"end":{"line":24,"column":null}},"2":{"start":{"line":25,"column":8},"end":{"line":25,"column":null}},"3":{"start":{"line":27,"column":8},"end":{"line":31,"column":null}},"4":{"start":{"line":28,"column":4},"end":{"line":28,"column":null}},"5":{"start":{"line":29,"column":4},"end":{"line":29,"column":null}},"6":{"start":{"line":30,"column":4},"end":{"line":30,"column":null}},"7":{"start":{"line":34,"column":2},"end":{"line":38,"column":null}},"8":{"start":{"line":35,"column":4},"end":{"line":37,"column":null}},"9":{"start":{"line":36,"column":6},"end":{"line":36,"column":null}},"10":{"start":{"line":41,"column":2},"end":{"line":47,"column":null}},"11":{"start":{"line":42,"column":4},"end":{"line":42,"column":null}},"12":{"start":{"line":42,"column":48},"end":{"line":42,"column":null}},"13":{"start":{"line":43,"column":20},"end":{"line":43,"column":null}},"14":{"start":{"line":43,"column":39},"end":{"line":43,"column":63}},"15":{"start":{"line":44,"column":4},"end":{"line":46,"column":null}},"16":{"start":{"line":45,"column":6},"end":{"line":45,"column":null}},"17":{"start":{"line":50,"column":2},"end":{"line":74,"column":null}},"18":{"start":{"line":51,"column":4},"end":{"line":51,"column":null}},"19":{"start":{"line":51,"column":50},"end":{"line":51,"column":null}},"20":{"start":{"line":52,"column":19},"end":{"line":52,"column":null}},"21":{"start":{"line":53,"column":19},"end":{"line":53,"column":null}},"22":{"start":{"line":55,"column":26},"end":{"line":55,"column":null}},"23":{"start":{"line":55,"column":45},"end":{"line":55,"column":69}},"24":{"start":{"line":56,"column":4},"end":{"line":59,"column":null}},"25":{"start":{"line":57,"column":6},"end":{"line":57,"column":null}},"26":{"start":{"line":57,"column":82},"end":{"line":57,"column":127}},"27":{"start":{"line":57,"column":138},"end":{"line":57,"column":142}},"28":{"start":{"line":58,"column":6},"end":{"line":58,"column":null}},"29":{"start":{"line":61,"column":4},"end":{"line":73,"column":null}},"30":{"start":{"line":76,"column":2},"end":{"line":98,"column":null}},"31":{"start":{"line":103,"column":16},"end":{"line":103,"column":null}},"32":{"start":{"line":104,"column":2},"end":{"line":104,"column":null}},"33":{"start":{"line":104,"column":14},"end":{"line":104,"column":null}},"34":{"start":{"line":106,"column":46},"end":{"line":115,"column":null}},"35":{"start":{"line":107,"column":17},"end":{"line":107,"column":80}},"36":{"start":{"line":108,"column":15},"end":{"line":115,"column":6}},"37":{"start":{"line":117,"column":2},"end":{"line":117,"column":null}},"38":{"start":{"line":121,"column":2},"end":{"line":127,"column":null}},"39":{"start":{"line":122,"column":21},"end":{"line":122,"column":null}},"40":{"start":{"line":123,"column":17},"end":{"line":123,"column":null}},"41":{"start":{"line":124,"column":19},"end":{"line":124,"column":null}},"42":{"start":{"line":125,"column":16},"end":{"line":125,"column":null}},"43":{"start":{"line":126,"column":13},"end":{"line":126,"column":null}}},"fnMap":{"0":{"name":"CodeViewer","decl":{"start":{"line":23,"column":16},"end":{"line":23,"column":27}},"loc":{"start":{"line":23,"column":117},"end":{"line":100,"column":null}},"line":23},"1":{"name":"(anonymous_1)","decl":{"start":{"line":27,"column":37},"end":{"line":27,"column":50}},"loc":{"start":{"line":27,"column":69},"end":{"line":31,"column":5}},"line":27},"2":{"name":"(anonymous_2)","decl":{"start":{"line":34,"column":2},"end":{"line":34,"column":18}},"loc":{"start":{"line":34,"column":18},"end":{"line":38,"column":5}},"line":34},"3":{"name":"(anonymous_3)","decl":{"start":{"line":41,"column":2},"end":{"line":41,"column":18}},"loc":{"start":{"line":41,"column":18},"end":{"line":47,"column":5}},"line":41},"4":{"name":"(anonymous_4)","decl":{"start":{"line":43,"column":29},"end":{"line":43,"column":34}},"loc":{"start":{"line":43,"column":39},"end":{"line":43,"column":63}},"line":43},"5":{"name":"(anonymous_5)","decl":{"start":{"line":50,"column":2},"end":{"line":50,"column":18}},"loc":{"start":{"line":50,"column":18},"end":{"line":74,"column":5}},"line":50},"6":{"name":"(anonymous_6)","decl":{"start":{"line":55,"column":35},"end":{"line":55,"column":40}},"loc":{"start":{"line":55,"column":45},"end":{"line":55,"column":69}},"line":55},"7":{"name":"(anonymous_7)","decl":{"start":{"line":57,"column":70},"end":{"line":57,"column":77}},"loc":{"start":{"line":57,"column":82},"end":{"line":57,"column":127}},"line":57},"8":{"name":"(anonymous_8)","decl":{"start":{"line":57,"column":129},"end":{"line":57,"column":133}},"loc":{"start":{"line":57,"column":138},"end":{"line":57,"column":142}},"line":57},"9":{"name":"updateMarkers","decl":{"start":{"line":102,"column":9},"end":{"line":102,"column":23}},"loc":{"start":{"line":102,"column":128},"end":{"line":118,"column":null}},"line":102},"10":{"name":"(anonymous_10)","decl":{"start":{"line":107,"column":5},"end":{"line":107,"column":12}},"loc":{"start":{"line":107,"column":17},"end":{"line":107,"column":80}},"line":107},"11":{"name":"(anonymous_11)","decl":{"start":{"line":108,"column":5},"end":{"line":108,"column":9}},"loc":{"start":{"line":108,"column":15},"end":{"line":115,"column":6}},"line":108},"12":{"name":"getSeverityColor","decl":{"start":{"line":120,"column":9},"end":{"line":120,"column":26}},"loc":{"start":{"line":120,"column":52},"end":{"line":128,"column":null}},"line":120}},"branchMap":{"0":{"loc":{"start":{"line":35,"column":4},"end":{"line":37,"column":null}},"type":"if","locations":[{"start":{"line":35,"column":4},"end":{"line":37,"column":null}},{"start":{},"end":{}}],"line":35},"1":{"loc":{"start":{"line":35,"column":8},"end":{"line":35,"column":48}},"type":"binary-expr","locations":[{"start":{"line":35,"column":8},"end":{"line":35,"column":29}},{"start":{"line":35,"column":29},"end":{"line":35,"column":48}}],"line":35},"2":{"loc":{"start":{"line":42,"column":4},"end":{"line":42,"column":null}},"type":"if","locations":[{"start":{"line":42,"column":4},"end":{"line":42,"column":null}},{"start":{},"end":{}}],"line":42},"3":{"loc":{"start":{"line":42,"column":8},"end":{"line":42,"column":48}},"type":"binary-expr","locations":[{"start":{"line":42,"column":8},"end":{"line":42,"column":28}},{"start":{"line":42,"column":28},"end":{"line":42,"column":48}}],"line":42},"4":{"loc":{"start":{"line":44,"column":4},"end":{"line":46,"column":null}},"type":"if","locations":[{"start":{"line":44,"column":4},"end":{"line":46,"column":null}},{"start":{},"end":{}}],"line":44},"5":{"loc":{"start":{"line":44,"column":8},"end":{"line":44,"column":39}},"type":"binary-expr","locations":[{"start":{"line":44,"column":8},"end":{"line":44,"column":19}},{"start":{"line":44,"column":19},"end":{"line":44,"column":39}}],"line":44},"6":{"loc":{"start":{"line":51,"column":4},"end":{"line":51,"column":null}},"type":"if","locations":[{"start":{"line":51,"column":4},"end":{"line":51,"column":null}},{"start":{},"end":{}}],"line":51},"7":{"loc":{"start":{"line":51,"column":8},"end":{"line":51,"column":50}},"type":"binary-expr","locations":[{"start":{"line":51,"column":8},"end":{"line":51,"column":30}},{"start":{"line":51,"column":30},"end":{"line":51,"column":50}}],"line":51},"8":{"loc":{"start":{"line":56,"column":4},"end":{"line":59,"column":null}},"type":"if","locations":[{"start":{"line":56,"column":4},"end":{"line":59,"column":null}},{"start":{},"end":{}}],"line":56},"9":{"loc":{"start":{"line":56,"column":8},"end":{"line":56,"column":53}},"type":"binary-expr","locations":[{"start":{"line":56,"column":8},"end":{"line":56,"column":26}},{"start":{"line":56,"column":26},"end":{"line":56,"column":53}}],"line":56},"10":{"loc":{"start":{"line":57,"column":30},"end":{"line":57,"column":151}},"type":"binary-expr","locations":[{"start":{"line":57,"column":30},"end":{"line":57,"column":147}},{"start":{"line":57,"column":147},"end":{"line":57,"column":151}}],"line":57},"11":{"loc":{"start":{"line":63,"column":61},"end":{"line":63,"column":113}},"type":"binary-expr","locations":[{"start":{"line":63,"column":61},"end":{"line":63,"column":87}},{"start":{"line":63,"column":87},"end":{"line":63,"column":113}}],"line":63},"12":{"loc":{"start":{"line":104,"column":2},"end":{"line":104,"column":null}},"type":"if","locations":[{"start":{"line":104,"column":2},"end":{"line":104,"column":null}},{"start":{},"end":{}}],"line":104},"13":{"loc":{"start":{"line":107,"column":17},"end":{"line":107,"column":80}},"type":"binary-expr","locations":[{"start":{"line":107,"column":17},"end":{"line":107,"column":33}},{"start":{"line":107,"column":33},"end":{"line":107,"column":80}}],"line":107},"14":{"loc":{"start":{"line":109,"column":16},"end":{"line":109,"column":null}},"type":"binary-expr","locations":[{"start":{"line":109,"column":16},"end":{"line":109,"column":47}},{"start":{"line":109,"column":47},"end":{"line":109,"column":null}}],"line":109},"15":{"loc":{"start":{"line":110,"column":71},"end":{"line":110,"column":null}},"type":"cond-expr","locations":[{"start":{"line":110,"column":82},"end":{"line":110,"column":105}},{"start":{"line":110,"column":105},"end":{"line":110,"column":null}}],"line":110},"16":{"loc":{"start":{"line":111,"column":23},"end":{"line":111,"column":null}},"type":"binary-expr","locations":[{"start":{"line":111,"column":23},"end":{"line":111,"column":39}},{"start":{"line":111,"column":39},"end":{"line":111,"column":null}}],"line":111},"17":{"loc":{"start":{"line":113,"column":21},"end":{"line":113,"column":null}},"type":"binary-expr","locations":[{"start":{"line":113,"column":21},"end":{"line":113,"column":35}},{"start":{"line":113,"column":35},"end":{"line":113,"column":51}},{"start":{"line":113,"column":51},"end":{"line":113,"column":null}}],"line":113},"18":{"loc":{"start":{"line":121,"column":2},"end":{"line":127,"column":null}},"type":"switch","locations":[{"start":{"line":122,"column":4},"end":{"line":122,"column":null}},{"start":{"line":123,"column":4},"end":{"line":123,"column":null}},{"start":{"line":124,"column":4},"end":{"line":124,"column":null}},{"start":{"line":125,"column":4},"end":{"line":125,"column":null}},{"start":{"line":126,"column":4},"end":{"line":126,"column":null}}],"line":121}},"s":{"0":0,"1":0,"2":0,"3":0,"4":0,"5":0,"6":0,"7":0,"8":0,"9":0,"10":0,"11":0,"12":0,"13":0,"14":0,"15":0,"16":0,"17":0,"18":0,"19":0,"20":0,"21":0,"22":0,"23":0,"24":0,"25":0,"26":0,"27":0,"28":0,"29":0,"30":0,"31":0,"32":0,"33":0,"34":0,"35":0,"36":0,"37":0,"38":0,"39":0,"40":0,"41":0,"42":0,"43":0},"f":{"0":0,"1":0,"2":0,"3":0,"4":0,"5":0,"6":0,"7":0,"8":0,"9":0,"10":0,"11":0,"12":0},"b":{"0":[0,0],"1":[0,0],"2":[0,0],"3":[0,0],"4":[0,0],"5":[0,0],"6":[0,0],"7":[0,0],"8":[0,0],"9":[0,0],"10":[0,0],"11":[0,0],"12":[0,0],"13":[0,0],"14":[0,0],"15":[0,0],"16":[0,0],"17":[0,0,0],"18":[0,0,0,0,0]},"meta":{"lastBranch":19,"lastFunction":13,"lastStatement":44,"seen":{"s:15:69:21:Infinity":0,"f:23:16:23:27":0,"s:24:8:24:Infinity":1,"s:25:8:25:Infinity":2,"s:27:8:31:Infinity":3,"f:27:37:27:50":1,"s:28:4:28:Infinity":4,"s:29:4:29:Infinity":5,"s:30:4:30:Infinity":6,"s:34:2:38:Infinity":7,"f:34:2:34:18":2,"b:35:4:37:Infinity:undefined:undefined:undefined:undefined":0,"s:35:4:37:Infinity":8,"b:35:8:35:29:35:29:35:48":1,"s:36:6:36:Infinity":9,"s:41:2:47:Infinity":10,"f:41:2:41:18":3,"b:42:4:42:Infinity:undefined:undefined:undefined:undefined":2,"s:42:4:42:Infinity":11,"b:42:8:42:28:42:28:42:48":3,"s:42:48:42:Infinity":12,"s:43:20:43:Infinity":13,"f:43:29:43:34":4,"s:43:39:43:63":14,"b:44:4:46:Infinity:undefined:undefined:undefined:undefined":4,"s:44:4:46:Infinity":15,"b:44:8:44:19:44:19:44:39":5,"s:45:6:45:Infinity":16,"s:50:2:74:Infinity":17,"f:50:2:50:18":5,"b:51:4:51:Infinity:undefined:undefined:undefined:undefined":6,"s:51:4:51:Infinity":18,"b:51:8:51:30:51:30:51:50":7,"s:51:50:51:Infinity":19,"s:52:19:52:Infinity":20,"s:53:19:53:Infinity":21,"s:55:26:55:Infinity":22,"f:55:35:55:40":6,"s:55:45:55:69":23,"b:56:4:59:Infinity:undefined:undefined:undefined:undefined":8,"s:56:4:59:Infinity":24,"b:56:8:56:26:56:26:56:53":9,"s:57:6:57:Infinity":25,"b:57:30:57:147:57:147:57:151":10,"f:57:70:57:77":7,"s:57:82:57:127":26,"f:57:129:57:133":8,"s:57:138:57:142":27,"s:58:6:58:Infinity":28,"s:61:4:73:Infinity":29,"b:63:61:63:87:63:87:63:113":11,"s:76:2:98:Infinity":30,"f:102:9:102:23":9,"s:103:16:103:Infinity":31,"b:104:2:104:Infinity:undefined:undefined:undefined:undefined":12,"s:104:2:104:Infinity":32,"s:104:14:104:Infinity":33,"s:106:46:115:Infinity":34,"f:107:5:107:12":10,"s:107:17:107:80":35,"b:107:17:107:33:107:33:107:80":13,"f:108:5:108:9":11,"s:108:15:115:6":36,"b:109:16:109:47:109:47:109:Infinity":14,"b:110:82:110:105:110:105:110:Infinity":15,"b:111:23:111:39:111:39:111:Infinity":16,"b:113:21:113:35:113:35:113:51:113:51:113:Infinity":17,"s:117:2:117:Infinity":37,"f:120:9:120:26":12,"b:122:4:122:Infinity:123:4:123:Infinity:124:4:124:Infinity:125:4:125:Infinity:126:4:126:Infinity":18,"s:121:2:127:Infinity":38,"s:122:21:122:Infinity":39,"s:123:17:123:Infinity":40,"s:124:19:124:Infinity":41,"s:125:16:125:Infinity":42,"s:126:13:126:Infinity":43}}}
,"/home/zain-ansari/Documents/FYP/frontend/src/components/report/DiffViewer.tsx": {"path":"/home/zain-ansari/Documents/FYP/frontend/src/components/report/DiffViewer.tsx","statementMap":{"0":{"start":{"line":9,"column":18},"end":{"line":29,"column":null}},"1":{"start":{"line":32,"column":2},"end":{"line":44,"column":null}}},"fnMap":{"0":{"name":"DiffViewer","decl":{"start":{"line":31,"column":16},"end":{"line":31,"column":27}},"loc":{"start":{"line":31,"column":83},"end":{"line":46,"column":null}},"line":31}},"branchMap":{},"s":{"0":0,"1":0},"f":{"0":0},"b":{},"meta":{"lastBranch":0,"lastFunction":1,"lastStatement":2,"seen":{"s:9:18:29:Infinity":0,"f:31:16:31:27":0,"s:32:2:44:Infinity":1}}}
,"/home/zain-ansari/Documents/FYP/frontend/src/components/report/FindingCard.tsx": {"path":"/home/zain-ansari/Documents/FYP/frontend/src/components/report/FindingCard.tsx","statementMap":{"0":{"start":{"line":16,"column":47},"end":{"line":22,"column":null}},"1":{"start":{"line":25,"column":10},"end":{"line":25,"column":null}},"2":{"start":{"line":26,"column":26},"end":{"line":26,"column":null}},"3":{"start":{"line":27,"column":19},"end":{"line":27,"column":null}},"4":{"start":{"line":29,"column":8},"end":{"line":29,"column":null}},"5":{"start":{"line":30,"column":8},"end":{"line":30,"column":null}},"6":{"start":{"line":31,"column":8},"end":{"line":31,"column":null}},"7":{"start":{"line":33,"column":22},"end":{"line":33,"column":null}},"8":{"start":{"line":34,"column":19},"end":{"line":34,"column":null}},"9":{"start":{"line":36,"column":24},"end":{"line":56,"column":null}},"10":{"start":{"line":37,"column":4},"end":{"line":40,"column":null}},"11":{"start":{"line":38,"column":6},"end":{"line":38,"column":null}},"12":{"start":{"line":39,"column":6},"end":{"line":39,"column":null}},"13":{"start":{"line":42,"column":4},"end":{"line":55,"column":null}},"14":{"start":{"line":43,"column":21},"end":{"line":50,"column":null}},"15":{"start":{"line":51,"column":6},"end":{"line":51,"column":null}},"16":{"start":{"line":52,"column":6},"end":{"line":52,"column":null}},"17":{"start":{"line":54,"column":6},"end":{"line":54,"column":null}},"18":{"start":{"line":58,"column":27},"end":{"line":74,"column":null}},"19":{"start":{"line":60,"column":4},"end":{"line":65,"column":null}},"20":{"start":{"line":61,"column":18},"end":{"line":61,"column":null}},"21":{"start":{"line":62,"column":6},"end":{"line":62,"column":null}},"22":{"start":{"line":63,"column":6},"end":{"line":63,"column":null}},"23":{"start":{"line":64,"column":6},"end":{"line":64,"column":null}},"24":{"start":{"line":67,"column":4},"end":{"line":73,"column":null}},"25":{"start":{"line":68,"column":21},"end":{"line":68,"column":null}},"26":{"start":{"line":69,"column":6},"end":{"line":69,"column":null}},"27":{"start":{"line":70,"column":6},"end":{"line":70,"column":null}},"28":{"start":{"line":72,"column":6},"end":{"line":72,"column":null}},"29":{"start":{"line":76,"column":25},"end":{"line":84,"column":null}},"30":{"start":{"line":77,"column":4},"end":{"line":83,"column":null}},"31":{"start":{"line":78,"column":6},"end":{"line":78,"column":null}},"32":{"start":{"line":79,"column":6},"end":{"line":79,"column":null}},"33":{"start":{"line":80,"column":6},"end":{"line":80,"column":null}},"34":{"start":{"line":82,"column":6},"end":{"line":82,"column":null}},"35":{"start":{"line":86,"column":2},"end":{"line":291,"column":null}},"36":{"start":{"line":258,"column":22},"end":{"line":262,"column":null}},"37":{"start":{"line":279,"column":37},"end":{"line":279,"column":57}}},"fnMap":{"0":{"name":"FindingCard","decl":{"start":{"line":24,"column":16},"end":{"line":24,"column":28}},"loc":{"start":{"line":24,"column":67},"end":{"line":293,"column":null}},"line":24},"1":{"name":"(anonymous_1)","decl":{"start":{"line":36,"column":24},"end":{"line":36,"column":36}},"loc":{"start":{"line":36,"column":36},"end":{"line":56,"column":null}},"line":36},"2":{"name":"(anonymous_2)","decl":{"start":{"line":58,"column":27},"end":{"line":58,"column":39}},"loc":{"start":{"line":58,"column":39},"end":{"line":74,"column":null}},"line":58},"3":{"name":"(anonymous_3)","decl":{"start":{"line":76,"column":25},"end":{"line":76,"column":37}},"loc":{"start":{"line":76,"column":37},"end":{"line":84,"column":null}},"line":76},"4":{"name":"(anonymous_4)","decl":{"start":{"line":257,"column":44},"end":{"line":257,"column":49}},"loc":{"start":{"line":258,"column":22},"end":{"line":262,"column":null}},"line":258},"5":{"name":"(anonymous_5)","decl":{"start":{"line":279,"column":22},"end":{"line":279,"column":37}},"loc":{"start":{"line":279,"column":37},"end":{"line":279,"column":57}},"line":279}},"branchMap":{"0":{"loc":{"start":{"line":37,"column":4},"end":{"line":40,"column":null}},"type":"if","locations":[{"start":{"line":37,"column":4},"end":{"line":40,"column":null}},{"start":{},"end":{}}],"line":37},"1":{"loc":{"start":{"line":37,"column":8},"end":{"line":37,"column":40}},"type":"binary-expr","locations":[{"start":{"line":37,"column":8},"end":{"line":37,"column":27}},{"start":{"line":37,"column":27},"end":{"line":37,"column":40}}],"line":37},"2":{"loc":{"start":{"line":60,"column":4},"end":{"line":65,"column":null}},"type":"if","locations":[{"start":{"line":60,"column":4},"end":{"line":65,"column":null}},{"start":{},"end":{}}],"line":60},"3":{"loc":{"start":{"line":62,"column":28},"end":{"line":62,"column":75}},"type":"binary-expr","locations":[{"start":{"line":62,"column":28},"end":{"line":62,"column":47}},{"start":{"line":62,"column":47},"end":{"line":62,"column":71}},{"start":{"line":62,"column":71},"end":{"line":62,"column":75}}],"line":62},"4":{"loc":{"start":{"line":62,"column":82},"end":{"line":62,"column":103}},"type":"binary-expr","locations":[{"start":{"line":62,"column":82},"end":{"line":62,"column":100}},{"start":{"line":62,"column":100},"end":{"line":62,"column":103}}],"line":62},"5":{"loc":{"start":{"line":69,"column":28},"end":{"line":69,"column":78}},"type":"binary-expr","locations":[{"start":{"line":69,"column":28},"end":{"line":69,"column":50}},{"start":{"line":69,"column":50},"end":{"line":69,"column":74}},{"start":{"line":69,"column":74},"end":{"line":69,"column":78}}],"line":69},"6":{"loc":{"start":{"line":69,"column":85},"end":{"line":69,"column":109}},"type":"binary-expr","locations":[{"start":{"line":69,"column":85},"end":{"line":69,"column":106}},{"start":{"line":69,"column":106},"end":{"line":69,"column":109}}],"line":69},"7":{"loc":{"start":{"line":92,"column":12},"end":{"line":94,"column":null}},"type":"cond-expr","locations":[{"start":{"line":92,"column":46},"end":{"line":92,"column":null}},{"start":{"line":93,"column":12},"end":{"line":94,"column":null}}],"line":92},"8":{"loc":{"start":{"line":93,"column":12},"end":{"line":94,"column":null}},"type":"cond-expr","locations":[{"start":{"line":93,"column":42},"end":{"line":93,"column":null}},{"start":{"line":94,"column":12},"end":{"line":94,"column":null}}],"line":93},"9":{"loc":{"start":{"line":97,"column":14},"end":{"line":99,"column":null}},"type":"cond-expr","locations":[{"start":{"line":97,"column":48},"end":{"line":97,"column":null}},{"start":{"line":98,"column":14},"end":{"line":99,"column":null}}],"line":97},"10":{"loc":{"start":{"line":98,"column":14},"end":{"line":99,"column":null}},"type":"cond-expr","locations":[{"start":{"line":98,"column":44},"end":{"line":98,"column":null}},{"start":{"line":99,"column":14},"end":{"line":99,"column":null}}],"line":98},"11":{"loc":{"start":{"line":104,"column":34},"end":{"line":104,"column":83}},"type":"binary-expr","locations":[{"start":{"line":104,"column":34},"end":{"line":104,"column":70}},{"start":{"line":104,"column":70},"end":{"line":104,"column":83}}],"line":104},"12":{"loc":{"start":{"line":107,"column":15},"end":{"line":108,"column":null}},"type":"binary-expr","locations":[{"start":{"line":107,"column":15},"end":{"line":107,"column":null}},{"start":{"line":108,"column":16},"end":{"line":108,"column":null}}],"line":107},"13":{"loc":{"start":{"line":110,"column":15},"end":{"line":111,"column":null}},"type":"binary-expr","locations":[{"start":{"line":110,"column":15},"end":{"line":110,"column":null}},{"start":{"line":111,"column":16},"end":{"line":111,"column":null}}],"line":110},"14":{"loc":{"start":{"line":114,"column":69},"end":{"line":114,"column":117}},"type":"binary-expr","locations":[{"start":{"line":114,"column":69},"end":{"line":114,"column":86}},{"start":{"line":114,"column":86},"end":{"line":114,"column":117}}],"line":114},"15":{"loc":{"start":{"line":116,"column":34},"end":{"line":116,"column":null}},"type":"cond-expr","locations":[{"start":{"line":116,"column":55},"end":{"line":116,"column":82}},{"start":{"line":116,"column":82},"end":{"line":116,"column":null}}],"line":116},"16":{"loc":{"start":{"line":122,"column":9},"end":{"line":123,"column":null}},"type":"binary-expr","locations":[{"start":{"line":122,"column":9},"end":{"line":122,"column":null}},{"start":{"line":123,"column":10},"end":{"line":123,"column":null}}],"line":122},"17":{"loc":{"start":{"line":127,"column":9},"end":{"line":136,"column":null}},"type":"binary-expr","locations":[{"start":{"line":127,"column":9},"end":{"line":127,"column":null}},{"start":{"line":128,"column":10},"end":{"line":136,"column":null}}],"line":127},"18":{"loc":{"start":{"line":140,"column":9},"end":{"line":156,"column":null}},"type":"binary-expr","locations":[{"start":{"line":140,"column":9},"end":{"line":140,"column":null}},{"start":{"line":141,"column":10},"end":{"line":156,"column":null}}],"line":140},"19":{"loc":{"start":{"line":149,"column":18},"end":{"line":151,"column":null}},"type":"cond-expr","locations":[{"start":{"line":149,"column":45},"end":{"line":149,"column":null}},{"start":{"line":150,"column":18},"end":{"line":151,"column":null}}],"line":149},"20":{"loc":{"start":{"line":150,"column":18},"end":{"line":151,"column":null}},"type":"cond-expr","locations":[{"start":{"line":150,"column":45},"end":{"line":150,"column":null}},{"start":{"line":151,"column":18},"end":{"line":151,"column":null}}],"line":150},"21":{"loc":{"start":{"line":160,"column":9},"end":{"line":168,"column":null}},"type":"binary-expr","locations":[{"start":{"line":160,"column":9},"end":{"line":160,"column":null}},{"start":{"line":161,"column":10},"end":{"line":168,"column":null}}],"line":160},"22":{"loc":{"start":{"line":179,"column":13},"end":{"line":184,"column":31}},"type":"cond-expr","locations":[{"start":{"line":180,"column":14},"end":{"line":182,"column":15}},{"start":{"line":182,"column":14},"end":{"line":184,"column":31}}],"line":179},"23":{"loc":{"start":{"line":184,"column":13},"end":{"line":184,"column":null}},"type":"cond-expr","locations":[{"start":{"line":184,"column":31},"end":{"line":184,"column":52}},{"start":{"line":184,"column":52},"end":{"line":184,"column":null}}],"line":184},"24":{"loc":{"start":{"line":187,"column":11},"end":{"line":220,"column":null}},"type":"binary-expr","locations":[{"start":{"line":187,"column":11},"end":{"line":187,"column":null}},{"start":{"line":188,"column":12},"end":{"line":220,"column":null}}],"line":187},"25":{"loc":{"start":{"line":195,"column":17},"end":{"line":199,"column":null}},"type":"cond-expr","locations":[{"start":{"line":196,"column":18},"end":{"line":198,"column":19}},{"start":{"line":198,"column":18},"end":{"line":199,"column":null}}],"line":195},"26":{"loc":{"start":{"line":203,"column":15},"end":{"line":218,"column":null}},"type":"binary-expr","locations":[{"start":{"line":203,"column":15},"end":{"line":203,"column":27}},{"start":{"line":203,"column":27},"end":{"line":203,"column":null}},{"start":{"line":204,"column":16},"end":{"line":218,"column":null}}],"line":203},"27":{"loc":{"start":{"line":210,"column":19},"end":{"line":214,"column":null}},"type":"cond-expr","locations":[{"start":{"line":211,"column":20},"end":{"line":213,"column":21}},{"start":{"line":213,"column":20},"end":{"line":214,"column":null}}],"line":210},"28":{"loc":{"start":{"line":223,"column":9},"end":{"line":271,"column":null}},"type":"binary-expr","locations":[{"start":{"line":223,"column":9},"end":{"line":223,"column":28}},{"start":{"line":223,"column":28},"end":{"line":223,"column":null}},{"start":{"line":224,"column":10},"end":{"line":271,"column":null}}],"line":223},"29":{"loc":{"start":{"line":226,"column":15},"end":{"line":227,"column":null}},"type":"binary-expr","locations":[{"start":{"line":226,"column":15},"end":{"line":226,"column":null}},{"start":{"line":227,"column":16},"end":{"line":227,"column":null}}],"line":226},"30":{"loc":{"start":{"line":229,"column":15},"end":{"line":233,"column":null}},"type":"binary-expr","locations":[{"start":{"line":229,"column":15},"end":{"line":229,"column":null}},{"start":{"line":230,"column":16},"end":{"line":233,"column":null}}],"line":229},"31":{"loc":{"start":{"line":235,"column":15},"end":{"line":239,"column":null}},"type":"binary-expr","locations":[{"start":{"line":235,"column":15},"end":{"line":235,"column":null}},{"start":{"line":236,"column":16},"end":{"line":239,"column":null}}],"line":235},"32":{"loc":{"start":{"line":241,"column":15},"end":{"line":245,"column":null}},"type":"binary-expr","locations":[{"start":{"line":241,"column":15},"end":{"line":241,"column":null}},{"start":{"line":242,"column":16},"end":{"line":245,"column":null}}],"line":241},"33":{"loc":{"start":{"line":247,"column":15},"end":{"line":251,"column":null}},"type":"binary-expr","locations":[{"start":{"line":247,"column":15},"end":{"line":247,"column":null}},{"start":{"line":248,"column":16},"end":{"line":251,"column":null}}],"line":247},"34":{"loc":{"start":{"line":253,"column":15},"end":{"line":265,"column":null}},"type":"binary-expr","locations":[{"start":{"line":253,"column":15},"end":{"line":253,"column":null}},{"start":{"line":254,"column":16},"end":{"line":265,"column":null}}],"line":253},"35":{"loc":{"start":{"line":267,"column":15},"end":{"line":268,"column":null}},"type":"binary-expr","locations":[{"start":{"line":267,"column":15},"end":{"line":267,"column":null}},{"start":{"line":268,"column":16},"end":{"line":268,"column":null}}],"line":267},"36":{"loc":{"start":{"line":275,"column":9},"end":{"line":288,"column":null}},"type":"binary-expr","locations":[{"start":{"line":275,"column":9},"end":{"line":275,"column":21}},{"start":{"line":275,"column":21},"end":{"line":275,"column":null}},{"start":{"line":276,"column":10},"end":{"line":288,"column":null}}],"line":275}},"s":{"0":0,"1":0,"2":0,"3":0,"4":0,"5":0,"6":0,"7":0,"8":0,"9":0,"10":0,"11":0,"12":0,"13":0,"14":0,"15":0,"16":0,"17":0,"18":0,"19":0,"20":0,"21":0,"22":0,"23":0,"24":0,"25":0,"26":0,"27":0,"28":0,"29":0,"30":0,"31":0,"32":0,"33":0,"34":0,"35":0,"36":0,"37":0},"f":{"0":0,"1":0,"2":0,"3":0,"4":0,"5":0},"b":{"0":[0,0],"1":[0,0],"2":[0,0],"3":[0,0,0],"4":[0,0],"5":[0,0,0],"6":[0,0],"7":[0,0],"8":[0,0],"9":[0,0],"10":[0,0],"11":[0,0],"12":[0,0],"13":[0,0],"14":[0,0],"15":[0,0],"16":[0,0],"17":[0,0],"18":[0,0],"19":[0,0],"20":[0,0],"21":[0,0],"22":[0,0],"23":[0,0],"24":[0,0],"25":[0,0],"26":[0,0,0],"27":[0,0],"28":[0,0,0],"29":[0,0],"30":[0,0],"31":[0,0],"32":[0,0],"33":[0,0],"34":[0,0],"35":[0,0],"36":[0,0,0]},"meta":{"lastBranch":37,"lastFunction":6,"lastStatement":38,"seen":{"s:16:47:22:Infinity":0,"f:24:16:24:28":0,"s:25:10:25:Infinity":1,"s:26:26:26:Infinity":2,"s:27:19:27:Infinity":3,"s:29:8:29:Infinity":4,"s:30:8:30:Infinity":5,"s:31:8:31:Infinity":6,"s:33:22:33:Infinity":7,"s:34:19:34:Infinity":8,"s:36:24:56:Infinity":9,"f:36:24:36:36":1,"b:37:4:40:Infinity:undefined:undefined:undefined:undefined":0,"s:37:4:40:Infinity":10,"b:37:8:37:27:37:27:37:40":1,"s:38:6:38:Infinity":11,"s:39:6:39:Infinity":12,"s:42:4:55:Infinity":13,"s:43:21:50:Infinity":14,"s:51:6:51:Infinity":15,"s:52:6:52:Infinity":16,"s:54:6:54:Infinity":17,"s:58:27:74:Infinity":18,"f:58:27:58:39":2,"b:60:4:65:Infinity:undefined:undefined:undefined:undefined":2,"s:60:4:65:Infinity":19,"s:61:18:61:Infinity":20,"s:62:6:62:Infinity":21,"b:62:28:62:47:62:47:62:71:62:71:62:75":3,"b:62:82:62:100:62:100:62:103":4,"s:63:6:63:Infinity":22,"s:64:6:64:Infinity":23,"s:67:4:73:Infinity":24,"s:68:21:68:Infinity":25,"s:69:6:69:Infinity":26,"b:69:28:69:50:69:50:69:74:69:74:69:78":5,"b:69:85:69:106:69:106:69:109":6,"s:70:6:70:Infinity":27,"s:72:6:72:Infinity":28,"s:76:25:84:Infinity":29,"f:76:25:76:37":3,"s:77:4:83:Infinity":30,"s:78:6:78:Infinity":31,"s:79:6:79:Infinity":32,"s:80:6:80:Infinity":33,"s:82:6:82:Infinity":34,"s:86:2:291:Infinity":35,"b:92:46:92:Infinity:93:12:94:Infinity":7,"b:93:42:93:Infinity:94:12:94:Infinity":8,"b:97:48:97:Infinity:98:14:99:Infinity":9,"b:98:44:98:Infinity:99:14:99:Infinity":10,"b:104:34:104:70:104:70:104:83":11,"b:107:15:107:Infinity:108:16:108:Infinity":12,"b:110:15:110:Infinity:111:16:111:Infinity":13,"b:114:69:114:86:114:86:114:117":14,"b:116:55:116:82:116:82:116:Infinity":15,"b:122:9:122:Infinity:123:10:123:Infinity":16,"b:127:9:127:Infinity:128:10:136:Infinity":17,"b:140:9:140:Infinity:141:10:156:Infinity":18,"b:149:45:149:Infinity:150:18:151:Infinity":19,"b:150:45:150:Infinity:151:18:151:Infinity":20,"b:160:9:160:Infinity:161:10:168:Infinity":21,"b:180:14:182:15:182:14:184:31":22,"b:184:31:184:52:184:52:184:Infinity":23,"b:187:11:187:Infinity:188:12:220:Infinity":24,"b:196:18:198:19:198:18:199:Infinity":25,"b:203:15:203:27:203:27:203:Infinity:204:16:218:Infinity":26,"b:211:20:213:21:213:20:214:Infinity":27,"b:223:9:223:28:223:28:223:Infinity:224:10:271:Infinity":28,"b:226:15:226:Infinity:227:16:227:Infinity":29,"b:229:15:229:Infinity:230:16:233:Infinity":30,"b:235:15:235:Infinity:236:16:239:Infinity":31,"b:241:15:241:Infinity:242:16:245:Infinity":32,"b:247:15:247:Infinity:248:16:251:Infinity":33,"b:253:15:253:Infinity:254:16:265:Infinity":34,"f:257:44:257:49":4,"s:258:22:262:Infinity":36,"b:267:15:267:Infinity:268:16:268:Infinity":35,"b:275:9:275:21:275:21:275:Infinity:276:10:288:Infinity":36,"f:279:22:279:37":5,"s:279:37:279:57":37}}}
,"/home/zain-ansari/Documents/FYP/frontend/src/components/report/FindingsPanel.tsx": {"path":"/home/zain-ansari/Documents/FYP/frontend/src/components/report/FindingsPanel.tsx","statementMap":{"0":{"start":{"line":11,"column":42},"end":{"line":11,"column":null}},"1":{"start":{"line":12,"column":47},"end":{"line":18,"column":null}},"2":{"start":{"line":21,"column":25},"end":{"line":21,"column":null}},"3":{"start":{"line":22,"column":17},"end":{"line":22,"column":null}},"4":{"start":{"line":23,"column":18},"end":{"line":23,"column":null}},"5":{"start":{"line":25,"column":19},"end":{"line":36,"column":null}},"6":{"start":{"line":26,"column":17},"end":{"line":26,"column":74}},"7":{"start":{"line":28,"column":19},"end":{"line":28,"column":null}},"8":{"start":{"line":29,"column":6},"end":{"line":31,"column":null}},"9":{"start":{"line":30,"column":8},"end":{"line":30,"column":null}},"10":{"start":{"line":32,"column":6},"end":{"line":34,"column":null}},"11":{"start":{"line":33,"column":8},"end":{"line":33,"column":null}},"12":{"start":{"line":35,"column":6},"end":{"line":35,"column":null}},"13":{"start":{"line":38,"column":17},"end":{"line":41,"column":null}},"14":{"start":{"line":39,"column":4},"end":{"line":39,"column":null}},"15":{"start":{"line":40,"column":4},"end":{"line":40,"column":null}},"16":{"start":{"line":43,"column":2},"end":{"line":112,"column":null}},"17":{"start":{"line":57,"column":29},"end":{"line":57,"column":null}},"18":{"start":{"line":62,"column":14},"end":{"line":62,"column":null}},"19":{"start":{"line":72,"column":10},"end":{"line":79,"column":null}},"20":{"start":{"line":74,"column":29},"end":{"line":74,"column":115}},"21":{"start":{"line":74,"column":49},"end":{"line":74,"column":76}},"22":{"start":{"line":74,"column":78},"end":{"line":74,"column":94}},"23":{"start":{"line":74,"column":94},"end":{"line":74,"column":113}},"24":{"start":{"line":89,"column":12},"end":{"line":108,"column":null}},"25":{"start":{"line":91,"column":29},"end":{"line":91,"column":null}}},"fnMap":{"0":{"name":"FindingsPanel","decl":{"start":{"line":20,"column":16},"end":{"line":20,"column":30}},"loc":{"start":{"line":20,"column":98},"end":{"line":114,"column":null}},"line":20},"1":{"name":"(anonymous_1)","decl":{"start":{"line":26,"column":5},"end":{"line":26,"column":12}},"loc":{"start":{"line":26,"column":17},"end":{"line":26,"column":74}},"line":26},"2":{"name":"(anonymous_2)","decl":{"start":{"line":27,"column":5},"end":{"line":27,"column":11}},"loc":{"start":{"line":27,"column":20},"end":{"line":36,"column":5}},"line":27},"3":{"name":"(anonymous_3)","decl":{"start":{"line":38,"column":26},"end":{"line":38,"column":58}},"loc":{"start":{"line":38,"column":69},"end":{"line":41,"column":5}},"line":38},"4":{"name":"(anonymous_4)","decl":{"start":{"line":57,"column":12},"end":{"line":57,"column":23}},"loc":{"start":{"line":57,"column":29},"end":{"line":57,"column":null}},"line":57},"5":{"name":"(anonymous_5)","decl":{"start":{"line":61,"column":28},"end":{"line":61,"column":32}},"loc":{"start":{"line":62,"column":14},"end":{"line":62,"column":null}},"line":62},"6":{"name":"(anonymous_6)","decl":{"start":{"line":71,"column":49},"end":{"line":71,"column":53}},"loc":{"start":{"line":72,"column":10},"end":{"line":79,"column":null}},"line":72},"7":{"name":"(anonymous_7)","decl":{"start":{"line":74,"column":12},"end":{"line":74,"column":27}},"loc":{"start":{"line":74,"column":27},"end":{"line":74,"column":null}},"line":74},"8":{"name":"(anonymous_8)","decl":{"start":{"line":88,"column":19},"end":{"line":88,"column":23}},"loc":{"start":{"line":89,"column":12},"end":{"line":108,"column":null}},"line":89},"9":{"name":"(anonymous_9)","decl":{"start":{"line":91,"column":14},"end":{"line":91,"column":29}},"loc":{"start":{"line":91,"column":29},"end":{"line":91,"column":null}},"line":91}},"branchMap":{"0":{"loc":{"start":{"line":26,"column":17},"end":{"line":26,"column":74}},"type":"binary-expr","locations":[{"start":{"line":26,"column":17},"end":{"line":26,"column":45}},{"start":{"line":26,"column":45},"end":{"line":26,"column":74}}],"line":26},"1":{"loc":{"start":{"line":28,"column":19},"end":{"line":28,"column":null}},"type":"cond-expr","locations":[{"start":{"line":28,"column":29},"end":{"line":28,"column":33}},{"start":{"line":28,"column":33},"end":{"line":28,"column":null}}],"line":28},"2":{"loc":{"start":{"line":29,"column":6},"end":{"line":31,"column":null}},"type":"if","locations":[{"start":{"line":29,"column":6},"end":{"line":31,"column":null}},{"start":{},"end":{}}],"line":29},"3":{"loc":{"start":{"line":32,"column":6},"end":{"line":34,"column":null}},"type":"if","locations":[{"start":{"line":32,"column":6},"end":{"line":34,"column":null}},{"start":{},"end":{}}],"line":32},"4":{"loc":{"start":{"line":39,"column":23},"end":{"line":39,"column":47}},"type":"binary-expr","locations":[{"start":{"line":39,"column":23},"end":{"line":39,"column":42}},{"start":{"line":39,"column":42},"end":{"line":39,"column":47}}],"line":39},"5":{"loc":{"start":{"line":62,"column":83},"end":{"line":62,"column":98}},"type":"binary-expr","locations":[{"start":{"line":62,"column":83},"end":{"line":62,"column":96}},{"start":{"line":62,"column":96},"end":{"line":62,"column":98}}],"line":62},"6":{"loc":{"start":{"line":74,"column":29},"end":{"line":74,"column":115}},"type":"if","locations":[{"start":{"line":74,"column":29},"end":{"line":74,"column":115}},{"start":{"line":74,"column":76},"end":{"line":74,"column":115}}],"line":74},"7":{"loc":{"start":{"line":75,"column":92},"end":{"line":75,"column":null}},"type":"cond-expr","locations":[{"start":{"line":75,"column":109},"end":{"line":75,"column":144}},{"start":{"line":75,"column":144},"end":{"line":75,"column":null}}],"line":75},"8":{"loc":{"start":{"line":78,"column":13},"end":{"line":79,"column":null}},"type":"binary-expr","locations":[{"start":{"line":78,"column":13},"end":{"line":78,"column":32}},{"start":{"line":78,"column":32},"end":{"line":79,"column":null}}],"line":78},"9":{"loc":{"start":{"line":78,"column":32},"end":{"line":79,"column":null}},"type":"cond-expr","locations":[{"start":{"line":78,"column":42},"end":{"line":78,"column":79}},{"start":{"line":78,"column":78},"end":{"line":79,"column":null}}],"line":78},"10":{"loc":{"start":{"line":85,"column":9},"end":{"line":109,"column":null}},"type":"cond-expr","locations":[{"start":{"line":86,"column":10},"end":{"line":88,"column":19}},{"start":{"line":88,"column":10},"end":{"line":109,"column":null}}],"line":85},"11":{"loc":{"start":{"line":93,"column":18},"end":{"line":93,"column":null}},"type":"cond-expr","locations":[{"start":{"line":93,"column":51},"end":{"line":93,"column":101}},{"start":{"line":93,"column":101},"end":{"line":93,"column":null}}],"line":93},"12":{"loc":{"start":{"line":96,"column":36},"end":{"line":96,"column":85}},"type":"binary-expr","locations":[{"start":{"line":96,"column":36},"end":{"line":96,"column":72}},{"start":{"line":96,"column":72},"end":{"line":96,"column":85}}],"line":96},"13":{"loc":{"start":{"line":99,"column":17},"end":{"line":100,"column":null}},"type":"binary-expr","locations":[{"start":{"line":99,"column":17},"end":{"line":99,"column":null}},{"start":{"line":100,"column":18},"end":{"line":100,"column":null}}],"line":99},"14":{"loc":{"start":{"line":103,"column":19},"end":{"line":103,"column":null}},"type":"cond-expr","locations":[{"start":{"line":103,"column":36},"end":{"line":103,"column":62}},{"start":{"line":103,"column":62},"end":{"line":103,"column":null}}],"line":103},"15":{"loc":{"start":{"line":106,"column":77},"end":{"line":106,"column":124}},"type":"binary-expr","locations":[{"start":{"line":106,"column":77},"end":{"line":106,"column":94}},{"start":{"line":106,"column":94},"end":{"line":106,"column":124}}],"line":106},"16":{"loc":{"start":{"line":107,"column":89},"end":{"line":107,"column":143}},"type":"cond-expr","locations":[{"start":{"line":107,"column":110},"end":{"line":107,"column":137}},{"start":{"line":107,"column":137},"end":{"line":107,"column":143}}],"line":107}},"s":{"0":0,"1":0,"2":0,"3":0,"4":0,"5":0,"6":0,"7":0,"8":0,"9":0,"10":0,"11":0,"12":0,"13":0,"14":0,"15":0,"16":0,"17":0,"18":0,"19":0,"20":0,"21":0,"22":0,"23":0,"24":0,"25":0},"f":{"0":0,"1":0,"2":0,"3":0,"4":0,"5":0,"6":0,"7":0,"8":0,"9":0},"b":{"0":[0,0],"1":[0,0],"2":[0,0],"3":[0,0],"4":[0,0],"5":[0,0],"6":[0,0],"7":[0,0],"8":[0,0],"9":[0,0],"10":[0,0],"11":[0,0],"12":[0,0],"13":[0,0],"14":[0,0],"15":[0,0],"16":[0,0]},"meta":{"lastBranch":17,"lastFunction":10,"lastStatement":26,"seen":{"s:11:42:11:Infinity":0,"s:12:47:18:Infinity":1,"f:20:16:20:30":0,"s:21:25:21:Infinity":2,"s:22:17:22:Infinity":3,"s:23:18:23:Infinity":4,"s:25:19:36:Infinity":5,"f:26:5:26:12":1,"s:26:17:26:74":6,"b:26:17:26:45:26:45:26:74":0,"f:27:5:27:11":2,"s:28:19:28:Infinity":7,"b:28:29:28:33:28:33:28:Infinity":1,"b:29:6:31:Infinity:undefined:undefined:undefined:undefined":2,"s:29:6:31:Infinity":8,"s:30:8:30:Infinity":9,"b:32:6:34:Infinity:undefined:undefined:undefined:undefined":3,"s:32:6:34:Infinity":10,"s:33:8:33:Infinity":11,"s:35:6:35:Infinity":12,"s:38:17:41:Infinity":13,"f:38:26:38:58":3,"s:39:4:39:Infinity":14,"b:39:23:39:42:39:42:39:47":4,"s:40:4:40:Infinity":15,"s:43:2:112:Infinity":16,"f:57:12:57:23":4,"s:57:29:57:Infinity":17,"f:61:28:61:32":5,"s:62:14:62:Infinity":18,"b:62:83:62:96:62:96:62:98":5,"f:71:49:71:53":6,"s:72:10:79:Infinity":19,"f:74:12:74:27":7,"b:74:29:74:115:74:76:74:115":6,"s:74:29:74:115":20,"s:74:49:74:76":21,"s:74:78:74:94":22,"s:74:94:74:113":23,"b:75:109:75:144:75:144:75:Infinity":7,"b:78:13:78:32:78:32:79:Infinity":8,"b:78:42:78:79:78:78:79:Infinity":9,"b:86:10:88:19:88:10:109:Infinity":10,"f:88:19:88:23":8,"s:89:12:108:Infinity":24,"f:91:14:91:29":9,"s:91:29:91:Infinity":25,"b:93:51:93:101:93:101:93:Infinity":11,"b:96:36:96:72:96:72:96:85":12,"b:99:17:99:Infinity:100:18:100:Infinity":13,"b:103:36:103:62:103:62:103:Infinity":14,"b:106:77:106:94:106:94:106:124":15,"b:107:110:107:137:107:137:107:143":16}}}
,"/home/zain-ansari/Documents/FYP/frontend/src/components/report/ReportExport.tsx": {"path":"/home/zain-ansari/Documents/FYP/frontend/src/components/report/ReportExport.tsx","statementMap":{"0":{"start":{"line":10,"column":8},"end":{"line":50,"column":null}},"1":{"start":{"line":11,"column":23},"end":{"line":39,"column":null}},"2":{"start":{"line":15,"column":40},"end":{"line":36,"column":8}},"3":{"start":{"line":28,"column":55},"end":{"line":35,"column":10}},"4":{"start":{"line":41,"column":17},"end":{"line":41,"column":null}},"5":{"start":{"line":42,"column":16},"end":{"line":42,"column":null}},"6":{"start":{"line":43,"column":14},"end":{"line":43,"column":null}},"7":{"start":{"line":44,"column":4},"end":{"line":44,"column":null}},"8":{"start":{"line":45,"column":4},"end":{"line":45,"column":null}},"9":{"start":{"line":46,"column":4},"end":{"line":46,"column":null}},"10":{"start":{"line":47,"column":4},"end":{"line":47,"column":null}},"11":{"start":{"line":48,"column":4},"end":{"line":48,"column":null}},"12":{"start":{"line":49,"column":4},"end":{"line":49,"column":null}},"13":{"start":{"line":52,"column":8},"end":{"line":54,"column":null}},"14":{"start":{"line":53,"column":4},"end":{"line":53,"column":null}},"15":{"start":{"line":56,"column":2},"end":{"line":74,"column":null}}},"fnMap":{"0":{"name":"ReportExport","decl":{"start":{"line":9,"column":16},"end":{"line":9,"column":29}},"loc":{"start":{"line":9,"column":66},"end":{"line":76,"column":null}},"line":9},"1":{"name":"(anonymous_1)","decl":{"start":{"line":10,"column":8},"end":{"line":10,"column":33}},"loc":{"start":{"line":10,"column":33},"end":{"line":50,"column":null}},"line":10},"2":{"name":"(anonymous_2)","decl":{"start":{"line":15,"column":30},"end":{"line":15,"column":34}},"loc":{"start":{"line":15,"column":40},"end":{"line":36,"column":8}},"line":15},"3":{"name":"(anonymous_3)","decl":{"start":{"line":28,"column":44},"end":{"line":28,"column":48}},"loc":{"start":{"line":28,"column":55},"end":{"line":35,"column":10}},"line":28},"4":{"name":"(anonymous_4)","decl":{"start":{"line":52,"column":8},"end":{"line":52,"column":31}},"loc":{"start":{"line":52,"column":31},"end":{"line":54,"column":null}},"line":52}},"branchMap":{},"s":{"0":0,"1":0,"2":0,"3":0,"4":0,"5":0,"6":0,"7":0,"8":0,"9":0,"10":0,"11":0,"12":0,"13":0,"14":0,"15":0},"f":{"0":0,"1":0,"2":0,"3":0,"4":0},"b":{},"meta":{"lastBranch":0,"lastFunction":5,"lastStatement":16,"seen":{"f:9:16:9:29":0,"s:10:8:50:Infinity":0,"f:10:8:10:33":1,"s:11:23:39:Infinity":1,"f:15:30:15:34":2,"s:15:40:36:8":2,"f:28:44:28:48":3,"s:28:55:35:10":3,"s:41:17:41:Infinity":4,"s:42:16:42:Infinity":5,"s:43:14:43:Infinity":6,"s:44:4:44:Infinity":7,"s:45:4:45:Infinity":8,"s:46:4:46:Infinity":9,"s:47:4:47:Infinity":10,"s:48:4:48:Infinity":11,"s:49:4:49:Infinity":12,"s:52:8:54:Infinity":13,"f:52:8:52:31":4,"s:53:4:53:Infinity":14,"s:56:2:74:Infinity":15}}}
,"/home/zain-ansari/Documents/FYP/frontend/src/components/ui/ErrorBoundary.tsx": {"path":"/home/zain-ansari/Documents/FYP/frontend/src/components/ui/ErrorBoundary.tsx","statementMap":{"0":{"start":{"line":28,"column":2},"end":{"line":30,"column":null}},"1":{"start":{"line":16,"column":4},"end":{"line":16,"column":null}},"2":{"start":{"line":17,"column":4},"end":{"line":17,"column":null}},"3":{"start":{"line":21,"column":4},"end":{"line":21,"column":null}},"4":{"start":{"line":25,"column":4},"end":{"line":25,"column":null}},"5":{"start":{"line":29,"column":4},"end":{"line":29,"column":null}},"6":{"start":{"line":33,"column":4},"end":{"line":61,"column":null}},"7":{"start":{"line":34,"column":6},"end":{"line":34,"column":null}},"8":{"start":{"line":34,"column":31},"end":{"line":34,"column":null}},"9":{"start":{"line":36,"column":6},"end":{"line":59,"column":null}},"10":{"start":{"line":63,"column":4},"end":{"line":63,"column":null}}},"fnMap":{"0":{"name":"(anonymous_0)","decl":{"start":{"line":15,"column":2},"end":{"line":15,"column":14}},"loc":{"start":{"line":15,"column":28},"end":{"line":18,"column":null}},"line":15},"1":{"name":"(anonymous_1)","decl":{"start":{"line":20,"column":9},"end":{"line":20,"column":34}},"loc":{"start":{"line":20,"column":55},"end":{"line":22,"column":null}},"line":20},"2":{"name":"(anonymous_2)","decl":{"start":{"line":24,"column":2},"end":{"line":24,"column":20}},"loc":{"start":{"line":24,"column":57},"end":{"line":26,"column":null}},"line":24},"3":{"name":"(anonymous_3)","decl":{"start":{"line":28,"column":2},"end":{"line":28,"column":23}},"loc":{"start":{"line":28,"column":23},"end":{"line":30,"column":null}},"line":28},"4":{"name":"(anonymous_4)","decl":{"start":{"line":32,"column":2},"end":{"line":32,"column":11}},"loc":{"start":{"line":32,"column":11},"end":{"line":64,"column":null}},"line":32}},"branchMap":{"0":{"loc":{"start":{"line":33,"column":4},"end":{"line":61,"column":null}},"type":"if","locations":[{"start":{"line":33,"column":4},"end":{"line":61,"column":null}},{"start":{},"end":{}}],"line":33},"1":{"loc":{"start":{"line":34,"column":6},"end":{"line":34,"column":null}},"type":"if","locations":[{"start":{"line":34,"column":6},"end":{"line":34,"column":null}},{"start":{},"end":{}}],"line":34},"2":{"loc":{"start":{"line":46,"column":13},"end":{"line":49,"column":null}},"type":"binary-expr","locations":[{"start":{"line":46,"column":13},"end":{"line":46,"column":null}},{"start":{"line":47,"column":14},"end":{"line":49,"column":null}}],"line":46}},"s":{"0":0,"1":0,"2":0,"3":0,"4":0,"5":0,"6":0,"7":0,"8":0,"9":0,"10":0},"f":{"0":0,"1":0,"2":0,"3":0,"4":0},"b":{"0":[0,0],"1":[0,0],"2":[0,0]},"meta":{"lastBranch":3,"lastFunction":5,"lastStatement":11,"seen":{"s:28:2:30:Infinity":0,"f:15:2:15:14":0,"s:16:4:16:Infinity":1,"s:17:4:17:Infinity":2,"f:20:9:20:34":1,"s:21:4:21:Infinity":3,"f:24:2:24:20":2,"s:25:4:25:Infinity":4,"f:28:2:28:23":3,"s:29:4:29:Infinity":5,"f:32:2:32:11":4,"b:33:4:61:Infinity:undefined:undefined:undefined:undefined":0,"s:33:4:61:Infinity":6,"b:34:6:34:Infinity:undefined:undefined:undefined:undefined":1,"s:34:6:34:Infinity":7,"s:34:31:34:Infinity":8,"s:36:6:59:Infinity":9,"b:46:13:46:Infinity:47:14:49:Infinity":2,"s:63:4:63:Infinity":10}}}
,"/home/zain-ansari/Documents/FYP/frontend/src/components/ui/OnboardingTour.tsx": {"path":"/home/zain-ansari/Documents/FYP/frontend/src/components/ui/OnboardingTour.tsx","statementMap":{"0":{"start":{"line":4,"column":25},"end":{"line":4,"column":null}},"1":{"start":{"line":11,"column":29},"end":{"line":49,"column":null}},"2":{"start":{"line":52,"column":18},"end":{"line":52,"column":null}},"3":{"start":{"line":54,"column":2},"end":{"line":61,"column":null}},"4":{"start":{"line":55,"column":26},"end":{"line":55,"column":null}},"5":{"start":{"line":56,"column":4},"end":{"line":60,"column":null}},"6":{"start":{"line":58,"column":20},"end":{"line":58,"column":null}},"7":{"start":{"line":58,"column":37},"end":{"line":58,"column":55}},"8":{"start":{"line":59,"column":6},"end":{"line":59,"column":null}},"9":{"start":{"line":59,"column":19},"end":{"line":59,"column":null}},"10":{"start":{"line":63,"column":8},"end":{"line":70,"column":null}},"11":{"start":{"line":64,"column":23},"end":{"line":64,"column":null}},"12":{"start":{"line":65,"column":4},"end":{"line":69,"column":null}},"13":{"start":{"line":66,"column":6},"end":{"line":66,"column":null}},"14":{"start":{"line":67,"column":6},"end":{"line":67,"column":null}},"15":{"start":{"line":68,"column":6},"end":{"line":68,"column":null}},"16":{"start":{"line":72,"column":2},"end":{"line":127,"column":null}},"17":{"start":{"line":132,"column":2},"end":{"line":132,"column":null}}},"fnMap":{"0":{"name":"OnboardingTour","decl":{"start":{"line":51,"column":16},"end":{"line":51,"column":31}},"loc":{"start":{"line":51,"column":90},"end":{"line":129,"column":null}},"line":51},"1":{"name":"(anonymous_1)","decl":{"start":{"line":54,"column":2},"end":{"line":54,"column":18}},"loc":{"start":{"line":54,"column":18},"end":{"line":61,"column":5}},"line":54},"2":{"name":"(anonymous_2)","decl":{"start":{"line":58,"column":20},"end":{"line":58,"column":37}},"loc":{"start":{"line":58,"column":37},"end":{"line":58,"column":55}},"line":58},"3":{"name":"(anonymous_3)","decl":{"start":{"line":59,"column":6},"end":{"line":59,"column":19}},"loc":{"start":{"line":59,"column":19},"end":{"line":59,"column":null}},"line":59},"4":{"name":"(anonymous_4)","decl":{"start":{"line":63,"column":32},"end":{"line":63,"column":45}},"loc":{"start":{"line":63,"column":69},"end":{"line":70,"column":5}},"line":63},"5":{"name":"resetTour","decl":{"start":{"line":131,"column":16},"end":{"line":131,"column":28}},"loc":{"start":{"line":131,"column":28},"end":{"line":133,"column":null}},"line":131}},"branchMap":{"0":{"loc":{"start":{"line":51,"column":33},"end":{"line":51,"column":55}},"type":"default-arg","locations":[{"start":{"line":51,"column":41},"end":{"line":51,"column":55}}],"line":51},"1":{"loc":{"start":{"line":56,"column":4},"end":{"line":60,"column":null}},"type":"if","locations":[{"start":{"line":56,"column":4},"end":{"line":60,"column":null}},{"start":{},"end":{}}],"line":56},"2":{"loc":{"start":{"line":65,"column":4},"end":{"line":69,"column":null}},"type":"if","locations":[{"start":{"line":65,"column":4},"end":{"line":69,"column":null}},{"start":{},"end":{}}],"line":65}},"s":{"0":0,"1":0,"2":0,"3":0,"4":0,"5":0,"6":0,"7":0,"8":0,"9":0,"10":0,"11":0,"12":0,"13":0,"14":0,"15":0,"16":0,"17":0},"f":{"0":0,"1":0,"2":0,"3":0,"4":0,"5":0},"b":{"0":[0],"1":[0,0],"2":[0,0]},"meta":{"lastBranch":3,"lastFunction":6,"lastStatement":18,"seen":{"s:4:25:4:Infinity":0,"s:11:29:49:Infinity":1,"f:51:16:51:31":0,"b:51:41:51:55":0,"s:52:18:52:Infinity":2,"s:54:2:61:Infinity":3,"f:54:2:54:18":1,"s:55:26:55:Infinity":4,"b:56:4:60:Infinity:undefined:undefined:undefined:undefined":1,"s:56:4:60:Infinity":5,"s:58:20:58:Infinity":6,"f:58:20:58:37":2,"s:58:37:58:55":7,"s:59:6:59:Infinity":8,"f:59:6:59:19":3,"s:59:19:59:Infinity":9,"s:63:8:70:Infinity":10,"f:63:32:63:45":4,"s:64:23:64:Infinity":11,"b:65:4:69:Infinity:undefined:undefined:undefined:undefined":2,"s:65:4:69:Infinity":12,"s:66:6:66:Infinity":13,"s:67:6:67:Infinity":14,"s:68:6:68:Infinity":15,"s:72:2:127:Infinity":16,"f:131:16:131:28":5,"s:132:2:132:Infinity":17}}}
,"/home/zain-ansari/Documents/FYP/frontend/src/components/ui/SearchModal.tsx": {"path":"/home/zain-ansari/Documents/FYP/frontend/src/components/ui/SearchModal.tsx","statementMap":{"0":{"start":{"line":7,"column":23},"end":{"line":7,"column":null}},"1":{"start":{"line":8,"column":17},"end":{"line":8,"column":null}},"2":{"start":{"line":10,"column":2},"end":{"line":66,"column":null}}},"fnMap":{"0":{"name":"SearchModal","decl":{"start":{"line":6,"column":16},"end":{"line":6,"column":30}},"loc":{"start":{"line":6,"column":30},"end":{"line":68,"column":null}},"line":6}},"branchMap":{},"s":{"0":0,"1":0,"2":0},"f":{"0":0},"b":{},"meta":{"lastBranch":0,"lastFunction":1,"lastStatement":3,"seen":{"f:6:16:6:30":0,"s:7:23:7:Infinity":0,"s:8:17:8:Infinity":1,"s:10:2:66:Infinity":2}}}
,"/home/zain-ansari/Documents/FYP/frontend/src/components/ui/Skeleton.tsx": {"path":"/home/zain-ansari/Documents/FYP/frontend/src/components/ui/Skeleton.tsx","statementMap":{"0":{"start":{"line":2,"column":2},"end":{"line":2,"column":null}},"1":{"start":{"line":6,"column":2},"end":{"line":12,"column":null}},"2":{"start":{"line":10,"column":8},"end":{"line":10,"column":null}},"3":{"start":{"line":17,"column":2},"end":{"line":31,"column":null}},"4":{"start":{"line":21,"column":10},"end":{"line":21,"column":null}},"5":{"start":{"line":25,"column":8},"end":{"line":29,"column":null}},"6":{"start":{"line":27,"column":12},"end":{"line":27,"column":null}},"7":{"start":{"line":36,"column":2},"end":{"line":44,"column":null}}},"fnMap":{"0":{"name":"SkeletonLine","decl":{"start":{"line":1,"column":16},"end":{"line":1,"column":29}},"loc":{"start":{"line":1,"column":73},"end":{"line":3,"column":null}},"line":1},"1":{"name":"SkeletonCard","decl":{"start":{"line":5,"column":16},"end":{"line":5,"column":29}},"loc":{"start":{"line":5,"column":64},"end":{"line":14,"column":null}},"line":5},"2":{"name":"(anonymous_2)","decl":{"start":{"line":9,"column":41},"end":{"line":9,"column":46}},"loc":{"start":{"line":10,"column":8},"end":{"line":10,"column":null}},"line":10},"3":{"name":"SkeletonTable","decl":{"start":{"line":16,"column":16},"end":{"line":16,"column":30}},"loc":{"start":{"line":16,"column":88},"end":{"line":33,"column":null}},"line":16},"4":{"name":"(anonymous_4)","decl":{"start":{"line":20,"column":38},"end":{"line":20,"column":43}},"loc":{"start":{"line":21,"column":10},"end":{"line":21,"column":null}},"line":21},"5":{"name":"(anonymous_5)","decl":{"start":{"line":24,"column":36},"end":{"line":24,"column":41}},"loc":{"start":{"line":25,"column":8},"end":{"line":29,"column":null}},"line":25},"6":{"name":"(anonymous_6)","decl":{"start":{"line":26,"column":40},"end":{"line":26,"column":45}},"loc":{"start":{"line":27,"column":12},"end":{"line":27,"column":null}},"line":27},"7":{"name":"SkeletonStatCard","decl":{"start":{"line":35,"column":16},"end":{"line":35,"column":35}},"loc":{"start":{"line":35,"column":35},"end":{"line":46,"column":null}},"line":35}},"branchMap":{"0":{"loc":{"start":{"line":1,"column":31},"end":{"line":1,"column":73}},"type":"default-arg","locations":[{"start":{"line":1,"column":43},"end":{"line":1,"column":73}}],"line":1},"1":{"loc":{"start":{"line":5,"column":31},"end":{"line":5,"column":64}},"type":"default-arg","locations":[{"start":{"line":5,"column":39},"end":{"line":5,"column":64}}],"line":5},"2":{"loc":{"start":{"line":10,"column":41},"end":{"line":10,"column":80}},"type":"cond-expr","locations":[{"start":{"line":10,"column":59},"end":{"line":10,"column":69}},{"start":{"line":10,"column":69},"end":{"line":10,"column":80}}],"line":10},"3":{"loc":{"start":{"line":16,"column":32},"end":{"line":16,"column":42}},"type":"default-arg","locations":[{"start":{"line":16,"column":39},"end":{"line":16,"column":42}}],"line":16},"4":{"loc":{"start":{"line":16,"column":42},"end":{"line":16,"column":88}},"type":"default-arg","locations":[{"start":{"line":16,"column":49},"end":{"line":16,"column":88}}],"line":16}},"s":{"0":0,"1":0,"2":0,"3":0,"4":0,"5":0,"6":0,"7":0},"f":{"0":0,"1":0,"2":0,"3":0,"4":0,"5":0,"6":0,"7":0},"b":{"0":[0],"1":[0],"2":[0,0],"3":[0],"4":[0]},"meta":{"lastBranch":5,"lastFunction":8,"lastStatement":8,"seen":{"f:1:16:1:29":0,"b:1:43:1:73":0,"s:2:2:2:Infinity":0,"f:5:16:5:29":1,"b:5:39:5:64":1,"s:6:2:12:Infinity":1,"f:9:41:9:46":2,"s:10:8:10:Infinity":2,"b:10:59:10:69:10:69:10:80":2,"f:16:16:16:30":3,"b:16:39:16:42":3,"b:16:49:16:88":4,"s:17:2:31:Infinity":3,"f:20:38:20:43":4,"s:21:10:21:Infinity":4,"f:24:36:24:41":5,"s:25:8:29:Infinity":5,"f:26:40:26:45":6,"s:27:12:27:Infinity":6,"f:35:16:35:35":7,"s:36:2:44:Infinity":7}}}
[...]
141:8:148:Infinity":46,"f:152:24:152:36":15,"s:153:33:153:Infinity":47,"b:155:8:155:Infinity:undefined:undefined:undefined:undefined":13,"s:155:8:155:Infinity":48,"s:155:27:155:Infinity":49,"s:157:8:188:Infinity":50,"s:158:27:164:Infinity":51,"s:166:22:166:Infinity":52,"b:168:10:170:Infinity:undefined:undefined:undefined:undefined":14,"s:168:10:170:Infinity":53,"s:169:12:169:Infinity":54,"b:169:29:169:81:169:81:169:103":15,"s:172:23:172:Infinity":55,"s:174:10:177:Infinity":56,"b:176:26:176:48:176:48:176:Infinity":16,"s:179:10:179:Infinity":57,"s:181:10:186:Infinity":58,"s:187:10:187:Infinity":59,"b:187:67:187:83:187:83:187:106":17,"f:192:23:192:35":16,"s:193:40:193:Infinity":60,"b:195:8:198:Infinity:undefined:undefined:undefined:undefined":18,"s:195:8:198:Infinity":61,"b:195:12:195:22:195:22:195:37":19,"s:196:10:196:Infinity":62,"s:197:10:197:Infinity":63,"b:200:8:220:Infinity:undefined:undefined:undefined:undefined":20,"s:200:8:220:Infinity":64,"s:201:10:219:Infinity":65,"s:202:29:208:Infinity":66,"b:210:12:216:Infinity:undefined:undefined:undefined:undefined":21,"s:210:12:216:Infinity":67,"s:211:26:211:Infinity":68,"s:212:31:212:Infinity":69,"s:213:28:213:Infinity":70,"b:213:28:213:45:213:45:213:Infinity":22,"s:214:14:214:Infinity":71,"s:215:14:215:Infinity":72,"b:222:8:224:Infinity:undefined:undefined:undefined:undefined":23,"s:222:8:224:Infinity":73,"s:223:10:223:Infinity":74,"f:223:48:223:53":17,"s:223:63:223:87":75,"b:223:63:223:82:223:82:223:87":24,"s:226:8:226:Infinity":76,"s:227:8:227:Infinity":77,"f:231:22:231:29":18,"s:232:8:232:Infinity":78,"s:234:8:250:Infinity":79,"s:235:27:241:Infinity":80,"s:243:22:243:Infinity":81,"s:245:10:245:Infinity":82,"s:246:10:246:Infinity":83,"b:246:44:246:97:246:97:246:165":25,"s:248:10:248:Infinity":84,"s:249:10:249:Infinity":85,"f:254:21:254:28":19,"s:255:8:255:Infinity":86,"s:257:8:285:Infinity":87,"s:258:27:264:Infinity":88,"s:266:22:266:Infinity":89,"b:268:10:275:Infinity:undefined:undefined:undefined:undefined":26,"s:268:10:275:Infinity":90,"s:269:27:269:Infinity":91,"s:270:27:270:Infinity":92,"b:270:27:270:44:270:44:270:62:270:62:270:Infinity":27,"b:271:12:273:Infinity:undefined:undefined:undefined:undefined":28,"s:271:12:273:Infinity":93,"b:271:16:271:33:271:33:271:63":29,"s:272:14:272:Infinity":94,"f:272:76:272:80":20,"s:272:85:272:94":95,"s:274:12:274:Infinity":96,"s:277:10:277:Infinity":97,"s:278:10:278:Infinity":98,"s:280:10:283:Infinity":99,"b:282:44:282:60:282:60:282:Infinity":30,"s:284:10:284:Infinity":100,"b:284:67:284:83:284:83:284:107":31,"f:290:15:290:39":21,"s:290:39:290:51":101,"f:291:6:291:19":22,"s:291:30:297:Infinity":102}}}
,"/home/zain-ansari/Documents/FYP/frontend/src/store/scanStore.ts": {"path":"/home/zain-ansari/Documents/FYP/frontend/src/store/scanStore.ts","statementMap":{"0":{"start":{"line":4,"column":21},"end":{"line":4,"column":null}},"1":{"start":{"line":31,"column":2},"end":{"line":33,"column":null}},"2":{"start":{"line":32,"column":4},"end":{"line":32,"column":null}},"3":{"start":{"line":34,"column":2},"end":{"line":34,"column":null}},"4":{"start":{"line":37,"column":13},"end":{"line":172,"column":null}},"5":{"start":{"line":37,"column":63},"end":{"line":172,"column":2}},"6":{"start":{"line":50,"column":4},"end":{"line":50,"column":null}},"7":{"start":{"line":52,"column":4},"end":{"line":90,"column":null}},"8":{"start":{"line":53,"column":24},"end":{"line":53,"column":null}},"9":{"start":{"line":54,"column":23},"end":{"line":54,"column":null}},"10":{"start":{"line":55,"column":6},"end":{"line":55,"column":null}},"11":{"start":{"line":55,"column":30},"end":{"line":55,"column":60}},"12":{"start":{"line":56,"column":6},"end":{"line":56,"column":null}},"13":{"start":{"line":58,"column":23},"end":{"line":64,"column":null}},"14":{"start":{"line":66,"column":18},"end":{"line":66,"column":null}},"15":{"start":{"line":68,"column":6},"end":{"line":72,"column":null}},"16":{"start":{"line":69,"column":23},"end":{"line":69,"column":null}},"17":{"start":{"line":70,"column":24},"end":{"line":70,"column":null}},"18":{"start":{"line":71,"column":8},"end":{"line":71,"column":null}},"19":{"start":{"line":74,"column":19},"end":{"line":74,"column":null}},"20":{"start":{"line":76,"column":6},"end":{"line":81,"column":null}},"21":{"start":{"line":83,"column":6},"end":{"line":83,"column":null}},"22":{"start":{"line":85,"column":6},"end":{"line":88,"column":null}},"23":{"start":{"line":89,"column":6},"end":{"line":89,"column":null}},"24":{"start":{"line":94,"column":4},"end":{"line":116,"column":null}},"25":{"start":{"line":95,"column":24},"end":{"line":95,"column":null}},"26":{"start":{"line":96,"column":23},"end":{"line":101,"column":null}},"27":{"start":{"line":103,"column":6},"end":{"line":103,"column":null}},"28":{"start":{"line":103,"column":24},"end":{"line":103,"column":null}},"29":{"start":{"line":105,"column":18},"end":{"line":105,"column":null}},"30":{"start":{"line":106,"column":19},"end":{"line":106,"column":null}},"31":{"start":{"line":108,"column":6},"end":{"line":113,"column":null}},"32":{"start":{"line":120,"column":17},"end":{"line":126,"column":null}},"33":{"start":{"line":121,"column":6},"end":{"line":121,"column":null}},"34":{"start":{"line":122,"column":21},"end":{"line":122,"column":null}},"35":{"start":{"line":123,"column":6},"end":{"line":125,"column":null}},"36":{"start":{"line":124,"column":8},"end":{"line":124,"column":null}},"37":{"start":{"line":127,"column":4},"end":{"line":127,"column":null}},"38":{"start":{"line":131,"column":4},"end":{"line":153,"column":null}},"39":{"start":{"line":132,"column":24},"end":{"line":132,"column":null}},"40":{"start":{"line":133,"column":23},"end":{"line":138,"column":null}},"41":{"start":{"line":140,"column":6},"end":{"line":140,"column":null}},"42":{"start":{"line":140,"column":24},"end":{"line":140,"column":null}},"43":{"start":{"line":142,"column":18},"end":{"line":142,"column":null}},"44":{"start":{"line":143,"column":19},"end":{"line":143,"column":null}},"45":{"start":{"line":145,"column":6},"end":{"line":150,"column":null}},"46":{"start":{"line":157,"column":4},"end":{"line":168,"column":null}},"47":{"start":{"line":171,"column":20},"end":{"line":171,"column":null}}},"fnMap":{"0":{"name":"unwrap","decl":{"start":{"line":30,"column":9},"end":{"line":30,"column":19}},"loc":{"start":{"line":30,"column":57},"end":{"line":35,"column":null}},"line":30},"1":{"name":"(anonymous_1)","decl":{"start":{"line":37,"column":46},"end":{"line":37,"column":49}},"loc":{"start":{"line":37,"column":63},"end":{"line":172,"column":2}},"line":37},"2":{"name":"(anonymous_2)","decl":{"start":{"line":49,"column":15},"end":{"line":49,"column":22}},"loc":{"start":{"line":49,"column":58},"end":{"line":91,"column":null}},"line":49},"3":{"name":"(anonymous_3)","decl":{"start":{"line":55,"column":12},"end":{"line":55,"column":21}},"loc":{"start":{"line":55,"column":30},"end":{"line":55,"column":60}},"line":55},"4":{"name":"(anonymous_4)","decl":{"start":{"line":93,"column":19},"end":{"line":93,"column":26}},"loc":{"start":{"line":93,"column":45},"end":{"line":117,"column":null}},"line":93},"5":{"name":"(anonymous_5)","decl":{"start":{"line":119,"column":18},"end":{"line":119,"column":25}},"loc":{"start":{"line":119,"column":44},"end":{"line":128,"column":null}},"line":119},"6":{"name":"(anonymous_6)","decl":{"start":{"line":120,"column":17},"end":{"line":120,"column":29}},"loc":{"start":{"line":120,"column":29},"end":{"line":126,"column":null}},"line":120},"7":{"name":"(anonymous_7)","decl":{"start":{"line":130,"column":20},"end":{"line":130,"column":27}},"loc":{"start":{"line":130,"column":46},"end":{"line":154,"column":null}},"line":130},"8":{"name":"(anonymous_8)","decl":{"start":{"line":156,"column":2},"end":{"line":156,"column":19}},"loc":{"start":{"line":156,"column":19},"end":{"line":169,"column":null}},"line":156},"9":{"name":"(anonymous_9)","decl":{"start":{"line":171,"column":2},"end":{"line":171,"column":20}},"loc":{"start":{"line":171,"column":20},"end":{"line":171,"column":null}},"line":171}},"branchMap":{"0":{"loc":{"start":{"line":4,"column":21},"end":{"line":4,"column":null}},"type":"binary-expr","locations":[{"start":{"line":4,"column":21},"end":{"line":4,"column":53}},{"start":{"line":4,"column":53},"end":{"line":4,"column":null}}],"line":4},"1":{"loc":{"start":{"line":31,"column":2},"end":{"line":33,"column":null}},"type":"if","locations":[{"start":{"line":31,"column":2},"end":{"line":33,"column":null}},{"start":{},"end":{}}],"line":31},"2":{"loc":{"start":{"line":68,"column":6},"end":{"line":72,"column":null}},"type":"if","locations":[{"start":{"line":68,"column":6},"end":{"line":72,"column":null}},{"start":{},"end":{}}],"line":68},"3":{"loc":{"start":{"line":70,"column":24},"end":{"line":70,"column":null}},"type":"binary-expr","locations":[{"start":{"line":70,"column":24},"end":{"line":70,"column":53}},{"start":{"line":70,"column":53},"end":{"line":70,"column":82}},{"start":{"line":70,"column":82},"end":{"line":70,"column":null}}],"line":70},"4":{"loc":{"start":{"line":87,"column":15},"end":{"line":87,"column":null}},"type":"cond-expr","locations":[{"start":{"line":87,"column":40},"end":{"line":87,"column":56}},{"start":{"line":87,"column":56},"end":{"line":87,"column":null}}],"line":87},"5":{"loc":{"start":{"line":89,"column":38},"end":{"line":89,"column":95}},"type":"cond-expr","locations":[{"start":{"line":89,"column":63},"end":{"line":89,"column":79}},{"start":{"line":89,"column":79},"end":{"line":89,"column":95}}],"line":89},"6":{"loc":{"start":{"line":103,"column":6},"end":{"line":103,"column":null}},"type":"if","locations":[{"start":{"line":103,"column":6},"end":{"line":103,"column":null}},{"start":{},"end":{}}],"line":103},"7":{"loc":{"start":{"line":110,"column":18},"end":{"line":110,"column":null}},"type":"binary-expr","locations":[{"start":{"line":110,"column":18},"end":{"line":110,"column":45}},{"start":{"line":110,"column":45},"end":{"line":110,"column":null}}],"line":110},"8":{"loc":{"start":{"line":111,"column":15},"end":{"line":111,"column":null}},"type":"binary-expr","locations":[{"start":{"line":111,"column":15},"end":{"line":111,"column":39}},{"start":{"line":111,"column":39},"end":{"line":111,"column":null}}],"line":111},"9":{"loc":{"start":{"line":112,"column":20},"end":{"line":112,"column":null}},"type":"binary-expr","locations":[{"start":{"line":112,"column":20},"end":{"line":112,"column":50}},{"start":{"line":112,"column":50},"end":{"line":112,"column":null}}],"line":112},"10":{"loc":{"start":{"line":123,"column":6},"end":{"line":125,"column":null}},"type":"if","locations":[{"start":{"line":123,"column":6},"end":{"line":125,"column":null}},{"start":{},"end":{}}],"line":123},"11":{"loc":{"start":{"line":123,"column":10},"end":{"line":123,"column":67}},"type":"binary-expr","locations":[{"start":{"line":123,"column":10},"end":{"line":123,"column":20}},{"start":{"line":123,"column":20},"end":{"line":123,"column":46}},{"start":{"line":123,"column":46},"end":{"line":123,"column":67}}],"line":123},"12":{"loc":{"start":{"line":140,"column":6},"end":{"line":140,"column":null}},"type":"if","locations":[{"start":{"line":140,"column":6},"end":{"line":140,"column":null}},{"start":{},"end":{}}],"line":140},"13":{"loc":{"start":{"line":146,"column":19},"end":{"line":146,"column":null}},"type":"binary-expr","locations":[{"start":{"line":146,"column":19},"end":{"line":146,"column":54}},{"start":{"line":146,"column":54},"end":{"line":146,"column":null}}],"line":146},"14":{"loc":{"start":{"line":147,"column":20},"end":{"line":147,"column":null}},"type":"binary-expr","locations":[{"start":{"line":147,"column":20},"end":{"line":147,"column":66}},{"start":{"line":147,"column":66},"end":{"line":147,"column":null}}],"line":147},"15":{"loc":{"start":{"line":149,"column":20},"end":{"line":149,"column":null}},"type":"binary-expr","locations":[{"start":{"line":149,"column":20},"end":{"line":149,"column":50}},{"start":{"line":149,"column":50},"end":{"line":149,"column":null}}],"line":149}},"s":{"0":2,"1":5,"2":0,"3":5,"4":2,"5":2,"6":6,"7":6,"8":6,"9":6,"10":6,"11":6,"12":6,"13":6,"14":5,"15":5,"16":2,"17":2,"18":2,"19":3,"20":3,"21":3,"22":3,"23":3,"24":1,"25":1,"26":1,"27":1,"28":0,"29":1,"30":1,"31":1,"32":0,"33":0,"34":0,"35":0,"36":0,"37":0,"38":1,"39":1,"40":1,"41":1,"42":0,"43":1,"44":1,"45":1,"46":2,"47":1},"f":{"0":5,"1":2,"2":6,"3":6,"4":1,"5":0,"6":0,"7":1,"8":2,"9":1},"b":{"0":[2,2],"1":[0,5],"2":[2,3],"3":[2,0,0],"4":[3,0],"5":[3,0],"6":[0,1],"7":[1,0],"8":[1,0],"9":[1,0],"10":[0,0],"11":[0,0,0],"12":[0,1],"13":[1,0],"14":[1,0],"15":[1,0]},"meta":{"lastBranch":16,"lastFunction":10,"lastStatement":48,"seen":{"s:4:21:4:Infinity":0,"b:4:21:4:53:4:53:4:Infinity":0,"f:30:9:30:19":0,"b:31:2:33:Infinity:undefined:undefined:undefined:undefined":1,"s:31:2:33:Infinity":1,"s:32:4:32:Infinity":2,"s:34:2:34:Infinity":3,"s:37:13:172:Infinity":4,"f:37:46:37:49":1,"s:37:63:172:2":5,"f:49:15:49:22":2,"s:50:4:50:Infinity":6,"s:52:4:90:Infinity":7,"s:53:24:53:Infinity":8,"s:54:23:54:Infinity":9,"s:55:6:55:Infinity":10,"f:55:12:55:21":3,"s:55:30:55:60":11,"s:56:6:56:Infinity":12,"s:58:23:64:Infinity":13,"s:66:18:66:Infinity":14,"b:68:6:72:Infinity:undefined:undefined:undefined:undefined":2,"s:68:6:72:Infinity":15,"s:69:23:69:Infinity":16,"s:70:24:70:Infinity":17,"b:70:24:70:53:70:53:70:82:70:82:70:Infinity":3,"s:71:8:71:Infinity":18,"s:74:19:74:Infinity":19,"s:76:6:81:Infinity":20,"s:83:6:83:Infinity":21,"s:85:6:88:Infinity":22,"b:87:40:87:56:87:56:87:Infinity":4,"s:89:6:89:Infinity":23,"b:89:63:89:79:89:79:89:95":5,"f:93:19:93:26":4,"s:94:4:116:Infinity":24,"s:95:24:95:Infinity":25,"s:96:23:101:Infinity":26,"b:103:6:103:Infinity:undefined:undefined:undefined:undefined":6,"s:103:6:103:Infinity":27,"s:103:24:103:Infinity":28,"s:105:18:105:Infinity":29,"s:106:19:106:Infinity":30,"s:108:6:113:Infinity":31,"b:110:18:110:45:110:45:110:Infinity":7,"b:111:15:111:39:111:39:111:Infinity":8,"b:112:20:112:50:112:50:112:Infinity":9,"f:119:18:119:25":5,"s:120:17:126:Infinity":32,"f:120:17:120:29":6,"s:121:6:121:Infinity":33,"s:122:21:122:Infinity":34,"b:123:6:125:Infinity:undefined:undefined:undefined:undefined":10,"s:123:6:125:Infinity":35,"b:123:10:123:20:123:20:123:46:123:46:123:67":11,"s:124:8:124:Infinity":36,"s:127:4:127:Infinity":37,"f:130:20:130:27":7,"s:131:4:153:Infinity":38,"s:132:24:132:Infinity":39,"s:133:23:138:Infinity":40,"b:140:6:140:Infinity:undefined:undefined:undefined:undefined":12,"s:140:6:140:Infinity":41,"s:140:24:140:Infinity":42,"s:142:18:142:Infinity":43,"s:143:19:143:Infinity":44,"s:145:6:150:Infinity":45,"b:146:19:146:54:146:54:146:Infinity":13,"b:147:20:147:66:147:66:147:Infinity":14,"b:149:20:149:50:149:50:149:Infinity":15,"f:156:2:156:19":8,"s:157:4:168:Infinity":46,"f:171:2:171:20":9,"s:171:20:171:Infinity":47}}}
,"/home/zain-ansari/Documents/FYP/frontend/src/store/uiStore.ts": {"path":"/home/zain-ansari/Documents/FYP/frontend/src/store/uiStore.ts","statementMap":{"0":{"start":{"line":28,"column":19},"end":{"line":28,"column":null}},"1":{"start":{"line":30,"column":13},"end":{"line":52,"column":null}},"2":{"start":{"line":30,"column":59},"end":{"line":52,"column":2}},"3":{"start":{"line":36,"column":23},"end":{"line":36,"column":null}},"4":{"start":{"line":37,"column":23},"end":{"line":37,"column":null}},"5":{"start":{"line":37,"column":35},"end":{"line":37,"column":67}},"6":{"start":{"line":38,"column":28},"end":{"line":38,"column":null}},"7":{"start":{"line":41,"column":15},"end":{"line":41,"column":null}},"8":{"start":{"line":42,"column":4},"end":{"line":42,"column":null}},"9":{"start":{"line":42,"column":16},"end":{"line":42,"column":86}},"10":{"start":{"line":43,"column":4},"end":{"line":45,"column":null}},"11":{"start":{"line":44,"column":6},"end":{"line":44,"column":null}},"12":{"start":{"line":44,"column":23},"end":{"line":44,"column":46}},"13":{"start":{"line":48,"column":23},"end":{"line":48,"column":null}},"14":{"start":{"line":48,"column":35},"end":{"line":48,"column":91}},"15":{"start":{"line":48,"column":76},"end":{"line":48,"column":87}},"16":{"start":{"line":50,"column":24},"end":{"line":50,"column":null}},"17":{"start":{"line":51,"column":20},"end":{"line":51,"column":null}}},"fnMap":{"0":{"name":"(anonymous_0)","decl":{"start":{"line":30,"column":42},"end":{"line":30,"column":45}},"loc":{"start":{"line":30,"column":59},"end":{"line":52,"column":2}},"line":30},"1":{"name":"(anonymous_1)","decl":{"start":{"line":36,"column":2},"end":{"line":36,"column":13}},"loc":{"start":{"line":36,"column":23},"end":{"line":36,"column":null}},"line":36},"2":{"name":"(anonymous_2)","decl":{"start":{"line":37,"column":2},"end":{"line":37,"column":23}},"loc":{"start":{"line":37,"column":23},"end":{"line":37,"column":null}},"line":37},"3":{"name":"(anonymous_3)","decl":{"start":{"line":37,"column":23},"end":{"line":37,"column":28}},"loc":{"start":{"line":37,"column":35},"end":{"line":37,"column":67}},"line":37},"4":{"name":"(anonymous_4)","decl":{"start":{"line":38,"column":2},"end":{"line":38,"column":19}},"loc":{"start":{"line":38,"column":28},"end":{"line":38,"column":null}},"line":38},"5":{"name":"(anonymous_5)","decl":{"start":{"line":40,"column":2},"end":{"line":40,"column":13}},"loc":{"start":{"line":40,"column":51},"end":{"line":46,"column":null}},"line":40},"6":{"name":"(anonymous_6)","decl":{"start":{"line":42,"column":4},"end":{"line":42,"column":9}},"loc":{"start":{"line":42,"column":16},"end":{"line":42,"column":86}},"line":42},"7":{"name":"(anonymous_7)","decl":{"start":{"line":44,"column":6},"end":{"line":44,"column":23}},"loc":{"start":{"line":44,"column":23},"end":{"line":44,"column":46}},"line":44},"8":{"name":"(anonymous_8)","decl":{"start":{"line":48,"column":2},"end":{"line":48,"column":16}},"loc":{"start":{"line":48,"column":23},"end":{"line":48,"column":null}},"line":48},"9":{"name":"(anonymous_9)","decl":{"start":{"line":48,"column":23},"end":{"line":48,"column":28}},"loc":{"start":{"line":48,"column":35},"end":{"line":48,"column":91}},"line":48},"10":{"name":"(anonymous_10)","decl":{"start":{"line":48,"column":62},"end":{"line":48,"column":70}},"loc":{"start":{"line":48,"column":76},"end":{"line":48,"column":87}},"line":48},"11":{"name":"(anonymous_11)","decl":{"start":{"line":50,"column":2},"end":{"line":50,"column":14}},"loc":{"start":{"line":50,"column":24},"end":{"line":50,"column":null}},"line":50},"12":{"name":"(anonymous_12)","decl":{"start":{"line":51,"column":2},"end":{"line":51,"column":20}},"loc":{"start":{"line":51,"column":20},"end":{"line":51,"column":null}},"line":51}},"branchMap":{"0":{"loc":{"start":{"line":40,"column":31},"end":{"line":40,"column":51}},"type":"default-arg","locations":[{"start":{"line":40,"column":42},"end":{"line":40,"column":51}}],"line":40},"1":{"loc":{"start":{"line":43,"column":4},"end":{"line":45,"column":null}},"type":"if","locations":[{"start":{"line":43,"column":4},"end":{"line":45,"column":null}},{"start":{},"end":{}}],"line":43}},"s":{"0":1,"1":1,"2":1,"3":1,"4":2,"5":2,"6":1,"7":5,"8":5,"9":5,"10":5,"11":5,"12":1,"13":2,"14":2,"15":2,"16":1,"17":1},"f":{"0":1,"1":1,"2":2,"3":2,"4":1,"5":5,"6":5,"7":1,"8":2,"9":2,"10":2,"11":1,"12":1},"b":{"0":[5],"1":[5,0]},"meta":{"lastBranch":2,"lastFunction":13,"lastStatement":18,"seen":{"s:28:19:28:Infinity":0,"s:30:13:52:Infinity":1,"f:30:42:30:45":0,"s:30:59:52:2":2,"f:36:2:36:13":1,"s:36:23:36:Infinity":3,"f:37:2:37:23":2,"s:37:23:37:Infinity":4,"f:37:23:37:28":3,"s:37:35:37:67":5,"f:38:2:38:19":4,"s:38:28:38:Infinity":6,"f:40:2:40:13":5,"b:40:42:40:51":0,"s:41:15:41:Infinity":7,"s:42:4:42:Infinity":8,"f:42:4:42:9":6,"s:42:16:42:86":9,"b:43:4:45:Infinity:undefined:undefined:undefined:undefined":1,"s:43:4:45:Infinity":10,"s:44:6:44:Infinity":11,"f:44:6:44:23":7,"s:44:23:44:46":12,"f:48:2:48:16":8,"s:48:23:48:Infinity":13,"f:48:23:48:28":9,"s:48:35:48:91":14,"f:48:62:48:70":10,"s:48:76:48:87":15,"f:50:2:50:14":11,"s:50:24:50:Infinity":16,"f:51:2:51:20":12,"s:51:20:51:Infinity":17}}}
}
